                      :-) GROMACS - gmx mdrun, 2023.3 (-:

Copyright 1991-2023 The GROMACS Authors.
GROMACS is free software; you can redistribute it and/or modify it
under the terms of the GNU Lesser General Public License
as published by the Free Software Foundation; either version 2.1
of the License, or (at your option) any later version.

                         Current GROMACS contributors:
       Mark Abraham           Andrey Alekseenko           Cathrine Bergh      
      Christian Blau            Eliane Briand             Mahesh Doijade      
    Stefan Fleischmann           Vytas Gapsys              Gaurav Garg        
      Sergey Gorelov         Gilles Gouaillardet            Alan Gray         
     M. Eric Irrgang         Farzaneh Jalalypour            Joe Jordan        
    Christoph Junghans        Prashanth Kanduri          Sebastian Keller     
     Carsten Kutzner           Justin A. Lemkul          Magnus Lundborg      
       Pascal Merz              Vedran Miletic            Dmitry Morozov      
       Szilard Pall             Roland Schulz             Michael Shirts      
     Alexey Shvetsov            Balint Soproni         David van der Spoel    
      Philip Turner             Carsten Uphoff           Alessandra Villa     
 Sebastian Wingbermuehle        Artem Zhmurov       

                         Previous GROMACS contributors:
        Emile Apol             Rossen Apostolov           James Barnett       
  Herman J.C. Berendsen          Par Bjelkmar           Viacheslav Bolnykh    
        Kevin Boyd            Aldert van Buuren          Carlo Camilloni      
     Rudi van Drunen            Anton Feenstra           Oliver Fleetwood     
     Gerrit Groenhof            Bert de Groot             Anca Hamuraru       
    Vincent Hindriksen          Victor Holanda           Aleksei Iupinov      
   Dimitrios Karkoulis           Peter Kasson             Sebastian Kehl      
        Jiri Kraus               Per Larsson              Viveca Lindahl      
      Erik Marklund           Pieter Meulenhoff           Teemu Murtola       
       Sander Pronk             Alfons Sijbers            Peter Tieleman      
       Jon Vincent             Teemu Virolainen         Christian Wennberg    
       Maarten Wolf       

                  Coordinated by the GROMACS project leaders:
                    Paul Bauer, Berk Hess, and Erik Lindahl

GROMACS:      gmx mdrun, version 2023.3
Executable:   /ext3/apps/gromacs/2023.3/openmpi/intel/bin/gmx_mpi
Data prefix:  /ext3/apps/gromacs/2023.3/openmpi/intel
Working dir:  /scratch/work/courses/CHEM-GA-2671-2024fa/students/ap8064/comp-lab-class-2024/Week4-CharmmGuiSetup/Setup/WaterIons_ CHARMM36M
Process ID:   356983
Command line:
  gmx_mpi mdrun -v -deffnm step4.1_equilibration

GROMACS version:    2023.3
Precision:          mixed
Memory model:       64 bit
MPI library:        MPI
OpenMP support:     disabled
GPU support:        disabled
SIMD instructions:  AVX2_256
CPU FFT library:    fftw-3.3.8-sse2-avx-avx2-avx2_128
GPU FFT library:    none
Multi-GPU FFT:      none
RDTSCP usage:       enabled
TNG support:        enabled
Hwloc support:      disabled
Tracing support:    disabled
C compiler:         /share/apps/utils/intel/icc Intel 2021.5.0.20211109
C compiler flags:   -mavx2 -mfma -pthread -O3 -DNDEBUG
C++ compiler:       /share/apps/utils/intel/icpc Intel 2021.5.0.20211109
C++ compiler flags: -mavx2 -mfma -pthread -O3 -DNDEBUG
BLAS library:       External - detected on the system
LAPACK library:     External - detected on the system


Running on 1 node with total 24 cores, 24 processing units
Hardware detected on host cm045.hpc.nyu.edu (the node of MPI rank 0):
  CPU info:
    Vendor: Intel
    Brand:  Intel(R) Xeon(R) Platinum 8268 CPU @ 2.90GHz
    Family: 6   Model: 85   Stepping: 7
    Features: aes apic avx avx2 avx512f avx512cd avx512bw avx512vl avx512secondFMA clfsh cmov cx8 cx16 f16c fma htt intel lahf mmx msr nonstop_tsc pcid pclmuldq pdcm pdpe1gb popcnt pse rdrnd rdtscp sse2 sse3 sse4.1 sse4.2 ssse3 tdt x2apic
    Number of AVX-512 FMA units: 2
  Hardware topology: Basic
    Packages, cores, and logical processors:
    [indices refer to OS logical processors]
      Package  1: [  24] [  25] [  26] [  27] [  28] [  29] [  30] [  31] [  32] [  33] [  34] [  35] [  36] [  37] [  38] [  39] [  40] [  41] [  42] [  43] [  44] [  45] [  46] [  47]
    CPU limit set by OS: -1   Recommended max number of threads: 24

Likely fastest SIMD instructions supported by all nodes: AVX_512
SIMD instructions selected at compile time:              AVX2_256
Merely a note: it is unfortunately hard to know for sure which SIMD
instructons will perform best on this hardware. For non-GPU runs
on Intel CPUs with dual AVX-512 units, using AVX-512 can be good,
while AVX2 is often better for runs also using a GPU. Typically
this is just a few percent, so don't worry unless you are tuning.


++++ PLEASE READ AND CITE THE FOLLOWING REFERENCE ++++
M. J. Abraham, T. Murtola, R. Schulz, S. Páll, J. C. Smith, B. Hess, E.
Lindahl
GROMACS: High performance molecular simulations through multi-level
parallelism from laptops to supercomputers
SoftwareX 1 (2015) pp. 19-25
-------- -------- --- Thank You --- -------- --------


++++ PLEASE READ AND CITE THE FOLLOWING REFERENCE ++++
S. Páll, M. J. Abraham, C. Kutzner, B. Hess, E. Lindahl
Tackling Exascale Software Challenges in Molecular Dynamics Simulations with
GROMACS
In S. Markidis & E. Laure (Eds.), Solving Software Challenges for Exascale 8759 (2015) pp. 3-27
-------- -------- --- Thank You --- -------- --------


++++ PLEASE READ AND CITE THE FOLLOWING REFERENCE ++++
S. Pronk, S. Páll, R. Schulz, P. Larsson, P. Bjelkmar, R. Apostolov, M. R.
Shirts, J. C. Smith, P. M. Kasson, D. van der Spoel, B. Hess, and E. Lindahl
GROMACS 4.5: a high-throughput and highly parallel open source molecular
simulation toolkit
Bioinformatics 29 (2013) pp. 845-54
-------- -------- --- Thank You --- -------- --------


++++ PLEASE READ AND CITE THE FOLLOWING REFERENCE ++++
B. Hess and C. Kutzner and D. van der Spoel and E. Lindahl
GROMACS 4: Algorithms for highly efficient, load-balanced, and scalable
molecular simulation
J. Chem. Theory Comput. 4 (2008) pp. 435-447
-------- -------- --- Thank You --- -------- --------


++++ PLEASE READ AND CITE THE FOLLOWING REFERENCE ++++
D. van der Spoel, E. Lindahl, B. Hess, G. Groenhof, A. E. Mark and H. J. C.
Berendsen
GROMACS: Fast, Flexible and Free
J. Comp. Chem. 26 (2005) pp. 1701-1719
-------- -------- --- Thank You --- -------- --------


++++ PLEASE READ AND CITE THE FOLLOWING REFERENCE ++++
E. Lindahl and B. Hess and D. van der Spoel
GROMACS 3.0: A package for molecular simulation and trajectory analysis
J. Mol. Mod. 7 (2001) pp. 306-317
-------- -------- --- Thank You --- -------- --------


++++ PLEASE READ AND CITE THE FOLLOWING REFERENCE ++++
H. J. C. Berendsen, D. van der Spoel and R. van Drunen
GROMACS: A message-passing parallel molecular dynamics implementation
Comp. Phys. Comm. 91 (1995) pp. 43-56
-------- -------- --- Thank You --- -------- --------


++++ PLEASE CITE THE DOI FOR THIS VERSION OF GROMACS ++++
https://doi.org/10.5281/zenodo.10017686
-------- -------- --- Thank You --- -------- --------

Input Parameters:
   integrator                     = md
   tinit                          = 0
   dt                             = 0.001
   nsteps                         = 125000
   init-step                      = 0
   simulation-part                = 1
   mts                            = false
   comm-mode                      = Linear
   nstcomm                        = 100
   bd-fric                        = 0
   ld-seed                        = -1075847207
   emtol                          = 10
   emstep                         = 0.01
   niter                          = 20
   fcstep                         = 0
   nstcgsteep                     = 1000
   nbfgscorr                      = 10
   rtpi                           = 0.05
   nstxout                        = 0
   nstvout                        = 0
   nstfout                        = 0
   nstlog                         = 1000
   nstcalcenergy                  = 100
   nstenergy                      = 1000
   nstxout-compressed             = 5000
   compressed-x-precision         = 1000
   cutoff-scheme                  = Verlet
   nstlist                        = 20
   pbc                            = xyz
   periodic-molecules             = false
   verlet-buffer-tolerance        = 0.005
   rlist                          = 1.2
   coulombtype                    = PME
   coulomb-modifier               = Potential-shift
   rcoulomb-switch                = 0
   rcoulomb                       = 1.2
   epsilon-r                      = 1
   epsilon-rf                     = inf
   vdw-type                       = Cut-off
   vdw-modifier                   = Force-switch
   rvdw-switch                    = 1
   rvdw                           = 1.2
   DispCorr                       = No
   table-extension                = 1
   fourierspacing                 = 0.12
   fourier-nx                     = 42
   fourier-ny                     = 42
   fourier-nz                     = 42
   pme-order                      = 4
   ewald-rtol                     = 1e-05
   ewald-rtol-lj                  = 0.001
   lj-pme-comb-rule               = Geometric
   ewald-geometry                 = 3d
   epsilon-surface                = 0
   ensemble-temperature-setting   = constant
   ensemble-temperature           = 300
   tcoupl                         = V-rescale
   nsttcouple                     = 100
   nh-chain-length                = 0
   print-nose-hoover-chain-variables = false
   pcoupl                         = No
   pcoupltype                     = Isotropic
   nstpcouple                     = -1
   tau-p                          = 1
   compressibility (3x3):
      compressibility[    0]={ 0.00000e+00,  0.00000e+00,  0.00000e+00}
      compressibility[    1]={ 0.00000e+00,  0.00000e+00,  0.00000e+00}
      compressibility[    2]={ 0.00000e+00,  0.00000e+00,  0.00000e+00}
   ref-p (3x3):
      ref-p[    0]={ 0.00000e+00,  0.00000e+00,  0.00000e+00}
      ref-p[    1]={ 0.00000e+00,  0.00000e+00,  0.00000e+00}
      ref-p[    2]={ 0.00000e+00,  0.00000e+00,  0.00000e+00}
   refcoord-scaling               = No
   posres-com (3):
      posres-com[0]= 0.00000e+00
      posres-com[1]= 0.00000e+00
      posres-com[2]= 0.00000e+00
   posres-comB (3):
      posres-comB[0]= 0.00000e+00
      posres-comB[1]= 0.00000e+00
      posres-comB[2]= 0.00000e+00
   QMMM                           = false
qm-opts:
   ngQM                           = 0
   constraint-algorithm           = Lincs
   continuation                   = false
   Shake-SOR                      = false
   shake-tol                      = 0.0001
   lincs-order                    = 4
   lincs-iter                     = 1
   lincs-warnangle                = 30
   nwall                          = 0
   wall-type                      = 9-3
   wall-r-linpot                  = -1
   wall-atomtype[0]               = -1
   wall-atomtype[1]               = -1
   wall-density[0]                = 0
   wall-density[1]                = 0
   wall-ewald-zfac                = 3
   pull                           = false
   awh                            = false
   rotation                       = false
   interactiveMD                  = false
   disre                          = No
   disre-weighting                = Conservative
   disre-mixed                    = false
   dr-fc                          = 1000
   dr-tau                         = 0
   nstdisreout                    = 100
   orire-fc                       = 0
   orire-tau                      = 0
   nstorireout                    = 100
   free-energy                    = no
   cos-acceleration               = 0
   deform (3x3):
      deform[    0]={ 0.00000e+00,  0.00000e+00,  0.00000e+00}
      deform[    1]={ 0.00000e+00,  0.00000e+00,  0.00000e+00}
      deform[    2]={ 0.00000e+00,  0.00000e+00,  0.00000e+00}
   simulated-tempering            = false
   swapcoords                     = no
   userint1                       = 0
   userint2                       = 0
   userint3                       = 0
   userint4                       = 0
   userreal1                      = 0
   userreal2                      = 0
   userreal3                      = 0
   userreal4                      = 0
   applied-forces:
     electric-field:
       x:
         E0                       = 0
         omega                    = 0
         t0                       = 0
         sigma                    = 0
       y:
         E0                       = 0
         omega                    = 0
         t0                       = 0
         sigma                    = 0
       z:
         E0                       = 0
         omega                    = 0
         t0                       = 0
         sigma                    = 0
     density-guided-simulation:
       active                     = false
       group                      = protein
       similarity-measure         = inner-product
       atom-spreading-weight      = unity
       force-constant             = 1e+09
       gaussian-transform-spreading-width = 0.2
       gaussian-transform-spreading-range-in-multiples-of-width = 4
       reference-density-filename = reference.mrc
       nst                        = 1
       normalize-densities        = true
       adaptive-force-scaling     = false
       adaptive-force-scaling-time-constant = 4
       shift-vector               = 
       transformation-matrix      = 
     qmmm-cp2k:
       active                     = false
       qmgroup                    = System
       qmmethod                   = PBE
       qmfilenames                = 
       qmcharge                   = 0
       qmmultiplicity             = 1
grpopts:
   nrdf:       23277
   ref-t:         300
   tau-t:           1
annealing:          No
annealing-npoints:           0
   acc:	           0           0           0
   nfreeze:           N           N           N
   energygrp-flags[  0]: 0

Changing nstlist from 20 to 100, rlist from 1.2 to 1.297


Initializing Domain Decomposition on 24 ranks
Dynamic load balancing: auto
Using update groups, nr 3887, average size 3.0 atoms, max. radius 0.078 nm
Minimum cell size due to atom displacement: 0.296 nm
Scaling the initial minimum size with 1/0.8 (option -dds) = 1.25
Guess for relative PME load: 0.15
Will use 20 particle-particle and 4 PME only ranks
This is a guess, check the performance at the end of the log file
Using 4 separate PME ranks, as guessed by mdrun
Optimizing the DD grid for 20 cells with a minimum initial size of 0.370 nm
The maximum allowed number of cells is: X 13 Y 13 Z 13
Domain decomposition grid 4 x 5 x 1, separate PME ranks 4
PME domain decomposition: 4 x 1 x 1
Interleaving PP and PME ranks
This rank does only particle-particle work.
Domain decomposition rank 0, coordinates 0 0 0

The initial number of communication pulses is: X 2 Y 2
The initial domain decomposition cell size is: X 1.25 nm Y 1.00 nm

When dynamic load balancing gets turned on, these settings will change to:
The maximum number of communication pulses is: X 2 Y 2
The minimum size for domain decomposition cells is 0.727 nm
The requested allowed shrink of DD cells (option -dds) is: 0.80
The allowed shrink of domain decomposition cells is: X 0.58 Y 0.73

Using 24 MPI processes

Non-default thread affinity set, disabling internal thread affinity
System total charge: 0.000
Will do PME sum in reciprocal space for electrostatic interactions.

++++ PLEASE READ AND CITE THE FOLLOWING REFERENCE ++++
U. Essmann, L. Perera, M. L. Berkowitz, T. Darden, H. Lee and L. G. Pedersen 
A smooth particle mesh Ewald method
J. Chem. Phys. 103 (1995) pp. 8577-8592
-------- -------- --- Thank You --- -------- --------

Using a Gaussian width (1/beta) of 0.384195 nm for Ewald
Potential shift: LJ r^-12: -2.648e-01 r^-6: -5.349e-01, Ewald -8.333e-06
Initialized non-bonded Coulomb Ewald tables, spacing: 1.02e-03 size: 1176



Using SIMD 4x8 nonbonded short-range kernels

Using a dual 4x8 pair-list setup updated with dynamic pruning:
  outer list: updated every 100 steps, buffer 0.097 nm, rlist 1.297 nm
  inner list: updated every  23 steps, buffer 0.001 nm, rlist 1.201 nm
At tolerance 0.005 kJ/mol/ps per atom, equivalent classical 1x1 list would be:
  outer list: updated every 100 steps, buffer 0.227 nm, rlist 1.427 nm
  inner list: updated every  23 steps, buffer 0.046 nm, rlist 1.246 nm

The non-bonded pair calculation algorithm tolerates a few missing pair interactions close to the cut-off. This can lead to a systematic overestimation of the pressure due to missing LJ interactions. The error in the average pressure due to missing LJ interactions is at most 0.03 bar.
The pressure error can be controlled by setting the environment variable GMX_VERLET_BUFFER_PRESSURE_TOLERANCE to the allowed error in units of bar.
Removing pbc first time

Linking all bonded interactions to atoms


++++ PLEASE READ AND CITE THE FOLLOWING REFERENCE ++++
S. Miyamoto and P. A. Kollman
SETTLE: An Analytical Version of the SHAKE and RATTLE Algorithms for Rigid
Water Models
J. Comp. Chem. 13 (1992) pp. 952-962
-------- -------- --- Thank You --- -------- --------


Intra-simulation communication will occur every 100 steps.

++++ PLEASE READ AND CITE THE FOLLOWING REFERENCE ++++
G. Bussi, D. Donadio and M. Parrinello
Canonical sampling through velocity rescaling
J. Chem. Phys. 126 (2007) pp. 014101
-------- -------- --- Thank You --- -------- --------

There are: 11633 Atoms
Atom distribution over 20 domains: av 581 stddev 39 min 526 max 633

Constraining the starting coordinates (step 0)

Constraining the coordinates at t0-dt (step 0)
Center of mass motion removal mode is Linear
We have the following groups for center of mass motion removal:
  0:  SOLV
RMS relative constraint deviation after constraining: 0.00e+00
Initial temperature: 299.715 K

Started mdrun on rank 0 Thu Sep 26 15:54:19 2024

           Step           Time
              0        0.00000

   Energies (kJ/mol)
        LJ (SR)   Coulomb (SR)   Coul. recip.      Potential    Kinetic En.
    2.60689e+04   -2.13689e+05    6.40150e+02   -1.86980e+05    2.90043e+04
   Total Energy  Conserved En.    Temperature Pressure (bar)
   -1.57976e+05   -1.57976e+05    2.99730e+02   -1.50637e+03


DD  step 99 load imb.: force  8.3%  pme mesh/force 0.564

step 200 Turning on dynamic load balancing, because the performance loss due to load imbalance is 3.2 %.

DD  step 999  vol min/aver 0.922  load imb.: force  5.1%  pme mesh/force 0.642
           Step           Time
           1000        1.00000

   Energies (kJ/mol)
        LJ (SR)   Coulomb (SR)   Coul. recip.      Potential    Kinetic En.
    2.07166e+04   -1.94505e+05    4.21566e+02   -1.73367e+05    2.25376e+04
   Total Energy  Conserved En.    Temperature Pressure (bar)
   -1.50829e+05   -1.57931e+05    2.32904e+02   -1.65142e+03


DD  step 1999  vol min/aver 0.922  load imb.: force  4.0%  pme mesh/force 0.638
           Step           Time
           2000        2.00000

   Energies (kJ/mol)
        LJ (SR)   Coulomb (SR)   Coul. recip.      Potential    Kinetic En.
    1.92741e+04   -1.90056e+05    4.76035e+02   -1.70306e+05    2.46583e+04
   Total Energy  Conserved En.    Temperature Pressure (bar)
   -1.45648e+05   -1.57932e+05    2.54820e+02   -1.82212e+03


DD  step 2999  vol min/aver 0.900  load imb.: force  3.5%  pme mesh/force 0.638
           Step           Time
           3000        3.00000

   Energies (kJ/mol)
        LJ (SR)   Coulomb (SR)   Coul. recip.      Potential    Kinetic En.
    1.87420e+04   -1.87035e+05    4.89596e+02   -1.67803e+05    2.57401e+04
   Total Energy  Conserved En.    Temperature Pressure (bar)
   -1.42063e+05   -1.57933e+05    2.65999e+02   -1.58456e+03


DD  step 3999  vol min/aver 0.923  load imb.: force  5.2%  pme mesh/force 0.629
           Step           Time
           4000        4.00000

   Energies (kJ/mol)
        LJ (SR)   Coulomb (SR)   Coul. recip.      Potential    Kinetic En.
    1.83762e+04   -1.85112e+05    5.13737e+02   -1.66222e+05    2.63876e+04
   Total Energy  Conserved En.    Temperature Pressure (bar)
   -1.39835e+05   -1.57935e+05    2.72690e+02   -1.43297e+03


DD  step 4999  vol min/aver 0.909  load imb.: force  3.4%  pme mesh/force 0.651
           Step           Time
           5000        5.00000

   Energies (kJ/mol)
        LJ (SR)   Coulomb (SR)   Coul. recip.      Potential    Kinetic En.
    1.79212e+04   -1.82965e+05    5.37425e+02   -1.64506e+05    2.74337e+04
   Total Energy  Conserved En.    Temperature Pressure (bar)
   -1.37073e+05   -1.57938e+05    2.83500e+02   -1.30571e+03


DD  step 5999  vol min/aver 0.873  load imb.: force  2.9%  pme mesh/force 0.637
           Step           Time
           6000        6.00000

   Energies (kJ/mol)
        LJ (SR)   Coulomb (SR)   Coul. recip.      Potential    Kinetic En.
    1.75702e+04   -1.81912e+05    5.39227e+02   -1.63802e+05    2.80645e+04
   Total Energy  Conserved En.    Temperature Pressure (bar)
   -1.35738e+05   -1.57938e+05    2.90018e+02   -1.36020e+03


DD  step 6999  vol min/aver 0.909  load imb.: force  4.5%  pme mesh/force 0.638
           Step           Time
           7000        7.00000

   Energies (kJ/mol)
        LJ (SR)   Coulomb (SR)   Coul. recip.      Potential    Kinetic En.
    1.74261e+04   -1.81249e+05    5.82335e+02   -1.63240e+05    2.82938e+04
   Total Energy  Conserved En.    Temperature Pressure (bar)
   -1.34946e+05   -1.57940e+05    2.92389e+02   -1.37661e+03


DD  step 7999  vol min/aver 0.896  load imb.: force  3.0%  pme mesh/force 0.639
           Step           Time
           8000        8.00000

   Energies (kJ/mol)
        LJ (SR)   Coulomb (SR)   Coul. recip.      Potential    Kinetic En.
    1.82279e+04   -1.81593e+05    5.64107e+02   -1.62801e+05    2.85426e+04
   Total Energy  Conserved En.    Temperature Pressure (bar)
   -1.34258e+05   -1.57943e+05    2.94959e+02   -8.92911e+02


DD  step 8999  vol min/aver 0.929  load imb.: force  4.1%  pme mesh/force 0.630
           Step           Time
           9000        9.00000

   Energies (kJ/mol)
        LJ (SR)   Coulomb (SR)   Coul. recip.      Potential    Kinetic En.
    1.73525e+04   -1.80197e+05    5.84921e+02   -1.62259e+05    2.89775e+04
   Total Energy  Conserved En.    Temperature Pressure (bar)
   -1.33282e+05   -1.57942e+05    2.99454e+02   -1.15328e+03


DD  step 9999  vol min/aver 0.918  load imb.: force  3.1%  pme mesh/force 0.635
           Step           Time
          10000       10.00000

   Energies (kJ/mol)
        LJ (SR)   Coulomb (SR)   Coul. recip.      Potential    Kinetic En.
    1.71303e+04   -1.79862e+05    5.22061e+02   -1.62210e+05    2.87951e+04
   Total Energy  Conserved En.    Temperature Pressure (bar)
   -1.33415e+05   -1.57944e+05    2.97569e+02   -1.34839e+03


DD  step 10999  vol min/aver 0.912  load imb.: force  3.8%  pme mesh/force 0.651
           Step           Time
          11000       11.00000

   Energies (kJ/mol)
        LJ (SR)   Coulomb (SR)   Coul. recip.      Potential    Kinetic En.
    1.70178e+04   -1.79142e+05    5.72864e+02   -1.61552e+05    2.88313e+04
   Total Energy  Conserved En.    Temperature Pressure (bar)
   -1.32720e+05   -1.57945e+05    2.97943e+02   -1.20404e+03


DD  step 11999  vol min/aver 0.947  load imb.: force  3.5%  pme mesh/force 0.642
           Step           Time
          12000       12.00000

   Energies (kJ/mol)
        LJ (SR)   Coulomb (SR)   Coul. recip.      Potential    Kinetic En.
    1.67186e+04   -1.78746e+05    5.51624e+02   -1.61476e+05    2.89261e+04
   Total Energy  Conserved En.    Temperature Pressure (bar)
   -1.32550e+05   -1.57945e+05    2.98923e+02   -1.36158e+03


DD  step 12999  vol min/aver 0.940  load imb.: force  4.4%  pme mesh/force 0.644
           Step           Time
          13000       13.00000

   Energies (kJ/mol)
        LJ (SR)   Coulomb (SR)   Coul. recip.      Potential    Kinetic En.
    1.70615e+04   -1.78923e+05    5.71409e+02   -1.61291e+05    2.89418e+04
   Total Energy  Conserved En.    Temperature Pressure (bar)
   -1.32349e+05   -1.57948e+05    2.99085e+02   -1.16978e+03


DD  step 13999  vol min/aver 0.915  load imb.: force  4.0%  pme mesh/force 0.625
           Step           Time
          14000       14.00000

   Energies (kJ/mol)
        LJ (SR)   Coulomb (SR)   Coul. recip.      Potential    Kinetic En.
    1.71264e+04   -1.79099e+05    5.25482e+02   -1.61447e+05    2.92471e+04
   Total Energy  Conserved En.    Temperature Pressure (bar)
   -1.32200e+05   -1.57949e+05    3.02240e+02   -1.10537e+03


DD  step 14999  vol min/aver 0.917  load imb.: force  4.4%  pme mesh/force 0.622
           Step           Time
          15000       15.00000

   Energies (kJ/mol)
        LJ (SR)   Coulomb (SR)   Coul. recip.      Potential    Kinetic En.
    1.66118e+04   -1.78206e+05    5.64804e+02   -1.61030e+05    2.90608e+04
   Total Energy  Conserved En.    Temperature Pressure (bar)
   -1.31969e+05   -1.57949e+05    3.00315e+02   -1.32287e+03


DD  step 15999  vol min/aver 0.943  load imb.: force  4.8%  pme mesh/force 0.628
           Step           Time
          16000       16.00000

   Energies (kJ/mol)
        LJ (SR)   Coulomb (SR)   Coul. recip.      Potential    Kinetic En.
    1.72926e+04   -1.78471e+05    5.69791e+02   -1.60609e+05    2.89390e+04
   Total Energy  Conserved En.    Temperature Pressure (bar)
   -1.31670e+05   -1.57949e+05    2.99055e+02   -9.02524e+02


DD  step 16999  vol min/aver 0.894  load imb.: force  3.4%  pme mesh/force 0.633
           Step           Time
          17000       17.00000

   Energies (kJ/mol)
        LJ (SR)   Coulomb (SR)   Coul. recip.      Potential    Kinetic En.
    1.72446e+04   -1.78609e+05    5.51148e+02   -1.60813e+05    2.93056e+04
   Total Energy  Conserved En.    Temperature Pressure (bar)
   -1.31508e+05   -1.57951e+05    3.02844e+02   -1.03742e+03


DD  step 17999  vol min/aver 0.947  load imb.: force  4.3%  pme mesh/force 0.651
           Step           Time
          18000       18.00000

   Energies (kJ/mol)
        LJ (SR)   Coulomb (SR)   Coul. recip.      Potential    Kinetic En.
    1.68885e+04   -1.78599e+05    5.76239e+02   -1.61134e+05    2.89491e+04
   Total Energy  Conserved En.    Temperature Pressure (bar)
   -1.32185e+05   -1.57952e+05    2.99161e+02   -1.23401e+03


DD  step 18999  vol min/aver 0.914  load imb.: force  4.0%  pme mesh/force 0.633
           Step           Time
          19000       19.00000

   Energies (kJ/mol)
        LJ (SR)   Coulomb (SR)   Coul. recip.      Potential    Kinetic En.
    1.75969e+04   -1.79125e+05    5.69528e+02   -1.60959e+05    2.89419e+04
   Total Energy  Conserved En.    Temperature Pressure (bar)
   -1.32017e+05   -1.57952e+05    2.99086e+02   -8.90760e+02


DD  step 19999  vol min/aver 0.943  load imb.: force  4.0%  pme mesh/force 0.629
           Step           Time
          20000       20.00000

   Energies (kJ/mol)
        LJ (SR)   Coulomb (SR)   Coul. recip.      Potential    Kinetic En.
    1.70563e+04   -1.79360e+05    5.72365e+02   -1.61732e+05    2.92059e+04
   Total Energy  Conserved En.    Temperature Pressure (bar)
   -1.32526e+05   -1.57952e+05    3.01814e+02   -1.26315e+03


DD  step 20999  vol min/aver 0.901  load imb.: force  4.2%  pme mesh/force 0.629
           Step           Time
          21000       21.00000

   Energies (kJ/mol)
        LJ (SR)   Coulomb (SR)   Coul. recip.      Potential    Kinetic En.
    1.72155e+04   -1.79168e+05    5.87021e+02   -1.61366e+05    2.92998e+04
   Total Energy  Conserved En.    Temperature Pressure (bar)
   -1.32066e+05   -1.57956e+05    3.02785e+02   -1.06535e+03


DD  step 21999  vol min/aver 0.946  load imb.: force  3.4%  pme mesh/force 0.631
           Step           Time
          22000       22.00000

   Energies (kJ/mol)
        LJ (SR)   Coulomb (SR)   Coul. recip.      Potential    Kinetic En.
    1.74377e+04   -1.78942e+05    5.85418e+02   -1.60919e+05    2.91926e+04
   Total Energy  Conserved En.    Temperature Pressure (bar)
   -1.31726e+05   -1.57957e+05    3.01677e+02   -9.51103e+02


DD  step 22999  vol min/aver 0.937  load imb.: force  3.4%  pme mesh/force 0.637
           Step           Time
          23000       23.00000

   Energies (kJ/mol)
        LJ (SR)   Coulomb (SR)   Coul. recip.      Potential    Kinetic En.
    1.69473e+04   -1.78534e+05    5.66147e+02   -1.61020e+05    2.91142e+04
   Total Energy  Conserved En.    Temperature Pressure (bar)
   -1.31906e+05   -1.57957e+05    3.00866e+02   -1.21428e+03


DD  step 23999  vol min/aver 0.925  load imb.: force  3.3%  pme mesh/force 0.644
           Step           Time
          24000       24.00000

   Energies (kJ/mol)
        LJ (SR)   Coulomb (SR)   Coul. recip.      Potential    Kinetic En.
    1.68432e+04   -1.78487e+05    5.38266e+02   -1.61106e+05    2.91590e+04
   Total Energy  Conserved En.    Temperature Pressure (bar)
   -1.31947e+05   -1.57958e+05    3.01330e+02   -1.26517e+03


DD  step 24999  vol min/aver 0.922  load imb.: force  3.6%  pme mesh/force 0.637
           Step           Time
          25000       25.00000

   Energies (kJ/mol)
        LJ (SR)   Coulomb (SR)   Coul. recip.      Potential    Kinetic En.
    1.69603e+04   -1.78563e+05    5.83095e+02   -1.61020e+05    2.91626e+04
   Total Energy  Conserved En.    Temperature Pressure (bar)
   -1.31857e+05   -1.57959e+05    3.01367e+02   -1.19049e+03


DD  step 25999  vol min/aver 0.913  load imb.: force  4.0%  pme mesh/force 0.632
           Step           Time
          26000       26.00000

   Energies (kJ/mol)
        LJ (SR)   Coulomb (SR)   Coul. recip.      Potential    Kinetic En.
    1.68706e+04   -1.78195e+05    5.88860e+02   -1.60735e+05    2.88987e+04
   Total Energy  Conserved En.    Temperature Pressure (bar)
   -1.31837e+05   -1.57960e+05    2.98640e+02   -1.18535e+03


DD  step 26999  vol min/aver 0.920  load imb.: force  3.4%  pme mesh/force 0.648
           Step           Time
          27000       27.00000

   Energies (kJ/mol)
        LJ (SR)   Coulomb (SR)   Coul. recip.      Potential    Kinetic En.
    1.65326e+04   -1.78053e+05    5.65877e+02   -1.60954e+05    2.89965e+04
   Total Energy  Conserved En.    Temperature Pressure (bar)
   -1.31958e+05   -1.57962e+05    2.99650e+02   -1.36252e+03


DD  step 27999  vol min/aver 0.926  load imb.: force  3.2%  pme mesh/force 0.644
           Step           Time
          28000       28.00000

   Energies (kJ/mol)
        LJ (SR)   Coulomb (SR)   Coul. recip.      Potential    Kinetic En.
    1.63785e+04   -1.78119e+05    5.53018e+02   -1.61188e+05    2.87992e+04
   Total Energy  Conserved En.    Temperature Pressure (bar)
   -1.32388e+05   -1.57962e+05    2.97611e+02   -1.45853e+03


DD  step 28999  vol min/aver 0.922  load imb.: force  3.2%  pme mesh/force 0.640
           Step           Time
          29000       29.00000

   Energies (kJ/mol)
        LJ (SR)   Coulomb (SR)   Coul. recip.      Potential    Kinetic En.
    1.66540e+04   -1.78335e+05    5.55091e+02   -1.61126e+05    2.90745e+04
   Total Energy  Conserved En.    Temperature Pressure (bar)
   -1.32052e+05   -1.57963e+05    3.00456e+02   -1.36319e+03


DD  step 29999  vol min/aver 0.889  load imb.: force  3.4%  pme mesh/force 0.640
           Step           Time
          30000       30.00000

   Energies (kJ/mol)
        LJ (SR)   Coulomb (SR)   Coul. recip.      Potential    Kinetic En.
    1.66612e+04   -1.77606e+05    6.19694e+02   -1.60325e+05    2.90344e+04
   Total Energy  Conserved En.    Temperature Pressure (bar)
   -1.31291e+05   -1.57964e+05    3.00041e+02   -1.18253e+03


DD  step 30999  vol min/aver 0.917  load imb.: force  4.1%  pme mesh/force 0.646
           Step           Time
          31000       31.00000

   Energies (kJ/mol)
        LJ (SR)   Coulomb (SR)   Coul. recip.      Potential    Kinetic En.
    1.65940e+04   -1.77898e+05    5.84141e+02   -1.60720e+05    2.89586e+04
   Total Energy  Conserved En.    Temperature Pressure (bar)
   -1.31762e+05   -1.57966e+05    2.99259e+02   -1.23891e+03


DD  step 31999  vol min/aver 0.908  load imb.: force  3.9%  pme mesh/force 0.634
           Step           Time
          32000       32.00000

   Energies (kJ/mol)
        LJ (SR)   Coulomb (SR)   Coul. recip.      Potential    Kinetic En.
    1.71943e+04   -1.78438e+05    5.62034e+02   -1.60682e+05    2.91506e+04
   Total Energy  Conserved En.    Temperature Pressure (bar)
   -1.31531e+05   -1.57966e+05    3.01242e+02   -1.04412e+03


DD  step 32999  vol min/aver 0.933  load imb.: force  3.7%  pme mesh/force 0.636
           Step           Time
          33000       33.00000

   Energies (kJ/mol)
        LJ (SR)   Coulomb (SR)   Coul. recip.      Potential    Kinetic En.
    1.70343e+04   -1.78311e+05    5.78509e+02   -1.60698e+05    2.93598e+04
   Total Energy  Conserved En.    Temperature Pressure (bar)
   -1.31338e+05   -1.57968e+05    3.03405e+02   -1.08043e+03


DD  step 33999  vol min/aver 0.945  load imb.: force  3.6%  pme mesh/force 0.632
           Step           Time
          34000       34.00000

   Energies (kJ/mol)
        LJ (SR)   Coulomb (SR)   Coul. recip.      Potential    Kinetic En.
    1.67972e+04   -1.78484e+05    5.94128e+02   -1.61092e+05    2.89430e+04
   Total Energy  Conserved En.    Temperature Pressure (bar)
   -1.32149e+05   -1.57969e+05    2.99097e+02   -1.26987e+03


DD  step 34999  vol min/aver 0.927  load imb.: force  2.8%  pme mesh/force 0.636
           Step           Time
          35000       35.00000

   Energies (kJ/mol)
        LJ (SR)   Coulomb (SR)   Coul. recip.      Potential    Kinetic En.
    1.75581e+04   -1.79456e+05    5.48091e+02   -1.61350e+05    2.90023e+04
   Total Energy  Conserved En.    Temperature Pressure (bar)
   -1.32347e+05   -1.57968e+05    2.99710e+02   -9.03542e+02


DD  step 35999  vol min/aver 0.929  load imb.: force  2.1%  pme mesh/force 0.657
           Step           Time
          36000       36.00000

   Energies (kJ/mol)
        LJ (SR)   Coulomb (SR)   Coul. recip.      Potential    Kinetic En.
    1.72968e+04   -1.78747e+05    5.51460e+02   -1.60898e+05    2.88303e+04
   Total Energy  Conserved En.    Temperature Pressure (bar)
   -1.32068e+05   -1.57970e+05    2.97933e+02   -1.01669e+03


DD  step 36999  vol min/aver 0.886  load imb.: force  4.8%  pme mesh/force 0.653
           Step           Time
          37000       37.00000

   Energies (kJ/mol)
        LJ (SR)   Coulomb (SR)   Coul. recip.      Potential    Kinetic En.
    1.71253e+04   -1.78623e+05    5.99501e+02   -1.60898e+05    2.93847e+04
   Total Energy  Conserved En.    Temperature Pressure (bar)
   -1.31514e+05   -1.57972e+05    3.03661e+02   -1.08385e+03


DD  step 37999  vol min/aver 0.930  load imb.: force  3.4%  pme mesh/force 0.638
           Step           Time
          38000       38.00000

   Energies (kJ/mol)
        LJ (SR)   Coulomb (SR)   Coul. recip.      Potential    Kinetic En.
    1.75748e+04   -1.79088e+05    5.90625e+02   -1.60922e+05    2.94384e+04
   Total Energy  Conserved En.    Temperature Pressure (bar)
   -1.31484e+05   -1.57972e+05    3.04217e+02   -8.14686e+02


DD  step 38999  vol min/aver 0.936  load imb.: force  3.2%  pme mesh/force 0.627
           Step           Time
          39000       39.00000

   Energies (kJ/mol)
        LJ (SR)   Coulomb (SR)   Coul. recip.      Potential    Kinetic En.
    1.78107e+04   -1.79674e+05    5.78931e+02   -1.61285e+05    2.96673e+04
   Total Energy  Conserved En.    Temperature Pressure (bar)
   -1.31617e+05   -1.57975e+05    3.06582e+02   -7.44554e+02


DD  step 39999  vol min/aver 0.917  load imb.: force  2.6%  pme mesh/force 0.633
           Step           Time
          40000       40.00000

   Energies (kJ/mol)
        LJ (SR)   Coulomb (SR)   Coul. recip.      Potential    Kinetic En.
    1.74295e+04   -1.78754e+05    5.82170e+02   -1.60742e+05    2.90902e+04
   Total Energy  Conserved En.    Temperature Pressure (bar)
   -1.31652e+05   -1.57974e+05    3.00619e+02   -8.76311e+02


DD  step 40999  vol min/aver 0.904  load imb.: force  5.4%  pme mesh/force 0.652
           Step           Time
          41000       41.00000

   Energies (kJ/mol)
        LJ (SR)   Coulomb (SR)   Coul. recip.      Potential    Kinetic En.
    1.71829e+04   -1.78897e+05    6.03257e+02   -1.61111e+05    2.92281e+04
   Total Energy  Conserved En.    Temperature Pressure (bar)
   -1.31883e+05   -1.57976e+05    3.02043e+02   -1.04358e+03


DD  step 41999  vol min/aver 0.951  load imb.: force  3.6%  pme mesh/force 0.639
           Step           Time
          42000       42.00000

   Energies (kJ/mol)
        LJ (SR)   Coulomb (SR)   Coul. recip.      Potential    Kinetic En.
    1.69491e+04   -1.78238e+05    5.56062e+02   -1.60733e+05    2.92463e+04
   Total Energy  Conserved En.    Temperature Pressure (bar)
   -1.31487e+05   -1.57977e+05    3.02231e+02   -1.07249e+03


DD  step 42999  vol min/aver 0.921  load imb.: force  4.8%  pme mesh/force 0.634
           Step           Time
          43000       43.00000

   Energies (kJ/mol)
        LJ (SR)   Coulomb (SR)   Coul. recip.      Potential    Kinetic En.
    1.76016e+04   -1.78895e+05    5.60176e+02   -1.60733e+05    2.90640e+04
   Total Energy  Conserved En.    Temperature Pressure (bar)
   -1.31669e+05   -1.57978e+05    3.00348e+02   -8.01852e+02


DD  step 43999  vol min/aver 0.932  load imb.: force  3.6%  pme mesh/force 0.627
           Step           Time
          44000       44.00000

   Energies (kJ/mol)
        LJ (SR)   Coulomb (SR)   Coul. recip.      Potential    Kinetic En.
    1.71767e+04   -1.78260e+05    5.69777e+02   -1.60513e+05    2.87904e+04
   Total Energy  Conserved En.    Temperature Pressure (bar)
   -1.31723e+05   -1.57979e+05    2.97520e+02   -1.01447e+03


DD  step 44999  vol min/aver 0.934  load imb.: force  3.4%  pme mesh/force 0.633
           Step           Time
          45000       45.00000

   Energies (kJ/mol)
        LJ (SR)   Coulomb (SR)   Coul. recip.      Potential    Kinetic En.
    1.76015e+04   -1.79185e+05    5.80229e+02   -1.61004e+05    2.95683e+04
   Total Energy  Conserved En.    Temperature Pressure (bar)
   -1.31435e+05   -1.57980e+05    3.05559e+02   -8.73167e+02


DD  step 45999  vol min/aver 0.932  load imb.: force  3.8%  pme mesh/force 0.626
           Step           Time
          46000       46.00000

   Energies (kJ/mol)
        LJ (SR)   Coulomb (SR)   Coul. recip.      Potential    Kinetic En.
    1.73870e+04   -1.78778e+05    5.72768e+02   -1.60818e+05    2.90932e+04
   Total Energy  Conserved En.    Temperature Pressure (bar)
   -1.31725e+05   -1.57981e+05    3.00650e+02   -9.10305e+02


DD  step 46999  vol min/aver 0.946  load imb.: force  3.2%  pme mesh/force 0.631
           Step           Time
          47000       47.00000

   Energies (kJ/mol)
        LJ (SR)   Coulomb (SR)   Coul. recip.      Potential    Kinetic En.
    1.67758e+04   -1.77686e+05    5.72446e+02   -1.60337e+05    2.89273e+04
   Total Energy  Conserved En.    Temperature Pressure (bar)
   -1.31410e+05   -1.57981e+05    2.98935e+02   -1.12052e+03


DD  step 47999  vol min/aver 0.948  load imb.: force  2.6%  pme mesh/force 0.642
           Step           Time
          48000       48.00000

   Energies (kJ/mol)
        LJ (SR)   Coulomb (SR)   Coul. recip.      Potential    Kinetic En.
    1.69756e+04   -1.78148e+05    5.79918e+02   -1.60593e+05    2.89063e+04
   Total Energy  Conserved En.    Temperature Pressure (bar)
   -1.31687e+05   -1.57982e+05    2.98718e+02   -1.11268e+03


DD  step 48999  vol min/aver 0.940  load imb.: force  3.2%  pme mesh/force 0.640
           Step           Time
          49000       49.00000

   Energies (kJ/mol)
        LJ (SR)   Coulomb (SR)   Coul. recip.      Potential    Kinetic En.
    1.65091e+04   -1.77914e+05    5.54916e+02   -1.60850e+05    2.94410e+04
   Total Energy  Conserved En.    Temperature Pressure (bar)
   -1.31409e+05   -1.57985e+05    3.04244e+02   -1.42058e+03


DD  step 49999  vol min/aver 0.969  load imb.: force  2.7%  pme mesh/force 0.637
           Step           Time
          50000       50.00000

   Energies (kJ/mol)
        LJ (SR)   Coulomb (SR)   Coul. recip.      Potential    Kinetic En.
    1.66609e+04   -1.78071e+05    5.81587e+02   -1.60829e+05    2.92807e+04
   Total Energy  Conserved En.    Temperature Pressure (bar)
   -1.31548e+05   -1.57986e+05    3.02587e+02   -1.26011e+03


DD  step 50999  vol min/aver 0.938  load imb.: force  3.4%  pme mesh/force 0.649
           Step           Time
          51000       51.00000

   Energies (kJ/mol)
        LJ (SR)   Coulomb (SR)   Coul. recip.      Potential    Kinetic En.
    1.77084e+04   -1.79223e+05    5.42132e+02   -1.60972e+05    2.91685e+04
   Total Energy  Conserved En.    Temperature Pressure (bar)
   -1.31804e+05   -1.57987e+05    3.01428e+02   -8.15389e+02


DD  step 51999  vol min/aver 0.900  load imb.: force  2.6%  pme mesh/force 0.632
           Step           Time
          52000       52.00000

   Energies (kJ/mol)
        LJ (SR)   Coulomb (SR)   Coul. recip.      Potential    Kinetic En.
    1.69819e+04   -1.78430e+05    5.41117e+02   -1.60907e+05    2.95603e+04
   Total Energy  Conserved En.    Temperature Pressure (bar)
   -1.31346e+05   -1.57988e+05    3.05477e+02   -1.10774e+03


DD  step 52999  vol min/aver 0.909  load imb.: force  4.6%  pme mesh/force 0.639
           Step           Time
          53000       53.00000

   Energies (kJ/mol)
        LJ (SR)   Coulomb (SR)   Coul. recip.      Potential    Kinetic En.
    1.67696e+04   -1.78058e+05    5.65292e+02   -1.60723e+05    2.87814e+04
   Total Energy  Conserved En.    Temperature Pressure (bar)
   -1.31942e+05   -1.57988e+05    2.97427e+02   -1.27543e+03


DD  step 53999  vol min/aver 0.921  load imb.: force  2.9%  pme mesh/force 0.632
           Step           Time
          54000       54.00000

   Energies (kJ/mol)
        LJ (SR)   Coulomb (SR)   Coul. recip.      Potential    Kinetic En.
    1.70653e+04   -1.78874e+05    5.59392e+02   -1.61250e+05    2.90786e+04
   Total Energy  Conserved En.    Temperature Pressure (bar)
   -1.32171e+05   -1.57990e+05    3.00499e+02   -1.20625e+03


DD  step 54999  vol min/aver 0.941  load imb.: force  4.8%  pme mesh/force 0.626
           Step           Time
          55000       55.00000

   Energies (kJ/mol)
        LJ (SR)   Coulomb (SR)   Coul. recip.      Potential    Kinetic En.
    1.71307e+04   -1.78878e+05    5.67496e+02   -1.61180e+05    2.88217e+04
   Total Energy  Conserved En.    Temperature Pressure (bar)
   -1.32358e+05   -1.57992e+05    2.97844e+02   -1.14567e+03


DD  step 55999  vol min/aver 0.936  load imb.: force  3.4%  pme mesh/force 0.627
           Step           Time
          56000       56.00000

   Energies (kJ/mol)
        LJ (SR)   Coulomb (SR)   Coul. recip.      Potential    Kinetic En.
    1.70025e+04   -1.78730e+05    5.69284e+02   -1.61158e+05    2.90829e+04
   Total Energy  Conserved En.    Temperature Pressure (bar)
   -1.32075e+05   -1.57990e+05    3.00543e+02   -1.15995e+03


DD  step 56999  vol min/aver 0.895  load imb.: force  3.8%  pme mesh/force 0.634
           Step           Time
          57000       57.00000

   Energies (kJ/mol)
        LJ (SR)   Coulomb (SR)   Coul. recip.      Potential    Kinetic En.
    1.69980e+04   -1.78003e+05    5.60714e+02   -1.60444e+05    2.88361e+04
   Total Energy  Conserved En.    Temperature Pressure (bar)
   -1.31608e+05   -1.57991e+05    2.97992e+02   -9.97965e+02


DD  step 57999  vol min/aver 0.934  load imb.: force  3.6%  pme mesh/force 0.632
           Step           Time
          58000       58.00000

   Energies (kJ/mol)
        LJ (SR)   Coulomb (SR)   Coul. recip.      Potential    Kinetic En.
    1.65771e+04   -1.78057e+05    5.58452e+02   -1.60922e+05    2.90827e+04
   Total Energy  Conserved En.    Temperature Pressure (bar)
   -1.31839e+05   -1.57995e+05    3.00540e+02   -1.31435e+03


DD  step 58999  vol min/aver 0.953  load imb.: force  3.9%  pme mesh/force 0.638
           Step           Time
          59000       59.00000

   Energies (kJ/mol)
        LJ (SR)   Coulomb (SR)   Coul. recip.      Potential    Kinetic En.
    1.64721e+04   -1.78117e+05    5.93561e+02   -1.61051e+05    2.90450e+04
   Total Energy  Conserved En.    Temperature Pressure (bar)
   -1.32006e+05   -1.57995e+05    3.00151e+02   -1.41022e+03


DD  step 59999  vol min/aver 0.929  load imb.: force  3.8%  pme mesh/force 0.635
           Step           Time
          60000       60.00000

   Energies (kJ/mol)
        LJ (SR)   Coulomb (SR)   Coul. recip.      Potential    Kinetic En.
    1.64373e+04   -1.77608e+05    5.50731e+02   -1.60620e+05    2.90341e+04
   Total Energy  Conserved En.    Temperature Pressure (bar)
   -1.31586e+05   -1.57996e+05    3.00039e+02   -1.39169e+03


DD  step 60999  vol min/aver 0.913  load imb.: force  3.9%  pme mesh/force 0.640
           Step           Time
          61000       61.00000

   Energies (kJ/mol)
        LJ (SR)   Coulomb (SR)   Coul. recip.      Potential    Kinetic En.
    1.62414e+04   -1.77530e+05    5.25010e+02   -1.60764e+05    2.90668e+04
   Total Energy  Conserved En.    Temperature Pressure (bar)
   -1.31697e+05   -1.57998e+05    3.00376e+02   -1.45617e+03


DD  step 61999  vol min/aver 0.935  load imb.: force  3.3%  pme mesh/force 0.628
           Step           Time
          62000       62.00000

   Energies (kJ/mol)
        LJ (SR)   Coulomb (SR)   Coul. recip.      Potential    Kinetic En.
    1.72416e+04   -1.78665e+05    5.65368e+02   -1.60858e+05    2.92308e+04
   Total Energy  Conserved En.    Temperature Pressure (bar)
   -1.31627e+05   -1.57999e+05    3.02071e+02   -9.77830e+02


DD  step 62999  vol min/aver 0.933  load imb.: force  3.3%  pme mesh/force 0.633
           Step           Time
          63000       63.00000

   Energies (kJ/mol)
        LJ (SR)   Coulomb (SR)   Coul. recip.      Potential    Kinetic En.
    1.68221e+04   -1.78266e+05    5.64297e+02   -1.60879e+05    2.94699e+04
   Total Energy  Conserved En.    Temperature Pressure (bar)
   -1.31409e+05   -1.58000e+05    3.04542e+02   -1.25887e+03


DD  step 63999  vol min/aver 0.924  load imb.: force  3.9%  pme mesh/force 0.626
           Step           Time
          64000       64.00000

   Energies (kJ/mol)
        LJ (SR)   Coulomb (SR)   Coul. recip.      Potential    Kinetic En.
    1.73211e+04   -1.78819e+05    5.54926e+02   -1.60943e+05    2.87844e+04
   Total Energy  Conserved En.    Temperature Pressure (bar)
   -1.32159e+05   -1.58000e+05    2.97459e+02   -9.97219e+02


DD  step 64999  vol min/aver 0.905  load imb.: force  3.8%  pme mesh/force 0.637
           Step           Time
          65000       65.00000

   Energies (kJ/mol)
        LJ (SR)   Coulomb (SR)   Coul. recip.      Potential    Kinetic En.
    1.75039e+04   -1.79400e+05    6.02547e+02   -1.61294e+05    2.86382e+04
   Total Energy  Conserved En.    Temperature Pressure (bar)
   -1.32656e+05   -1.57999e+05    2.95948e+02   -1.03999e+03


DD  step 65999  vol min/aver 0.925  load imb.: force  3.9%  pme mesh/force 0.632
           Step           Time
          66000       66.00000

   Energies (kJ/mol)
        LJ (SR)   Coulomb (SR)   Coul. recip.      Potential    Kinetic En.
    1.82307e+04   -1.80311e+05    5.99730e+02   -1.61481e+05    2.87296e+04
   Total Energy  Conserved En.    Temperature Pressure (bar)
   -1.32751e+05   -1.58002e+05    2.96892e+02   -6.68176e+02


DD  step 66999  vol min/aver 0.902  load imb.: force  3.8%  pme mesh/force 0.627
           Step           Time
          67000       67.00000

   Energies (kJ/mol)
        LJ (SR)   Coulomb (SR)   Coul. recip.      Potential    Kinetic En.
    1.70847e+04   -1.79083e+05    5.42065e+02   -1.61456e+05    2.85491e+04
   Total Energy  Conserved En.    Temperature Pressure (bar)
   -1.32907e+05   -1.58002e+05    2.95027e+02   -1.21217e+03


DD  step 67999  vol min/aver 0.928  load imb.: force  3.2%  pme mesh/force 0.636
           Step           Time
          68000       68.00000

   Energies (kJ/mol)
        LJ (SR)   Coulomb (SR)   Coul. recip.      Potential    Kinetic En.
    1.66677e+04   -1.79110e+05    5.73189e+02   -1.61869e+05    2.87492e+04
   Total Energy  Conserved En.    Temperature Pressure (bar)
   -1.33120e+05   -1.58006e+05    2.97095e+02   -1.44746e+03


DD  step 68999  vol min/aver 0.934  load imb.: force  3.6%  pme mesh/force 0.641
           Step           Time
          69000       69.00000

   Energies (kJ/mol)
        LJ (SR)   Coulomb (SR)   Coul. recip.      Potential    Kinetic En.
    1.72336e+04   -1.79084e+05    5.85342e+02   -1.61265e+05    2.87078e+04
   Total Energy  Conserved En.    Temperature Pressure (bar)
   -1.32557e+05   -1.58005e+05    2.96666e+02   -1.05811e+03


DD  step 69999  vol min/aver 0.913  load imb.: force  3.9%  pme mesh/force 0.644
           Step           Time
          70000       70.00000

   Energies (kJ/mol)
        LJ (SR)   Coulomb (SR)   Coul. recip.      Potential    Kinetic En.
    1.74387e+04   -1.79766e+05    5.61428e+02   -1.61766e+05    2.90657e+04
   Total Energy  Conserved En.    Temperature Pressure (bar)
   -1.32700e+05   -1.58006e+05    3.00365e+02   -1.02531e+03


DD  step 70999  vol min/aver 0.931  load imb.: force  3.4%  pme mesh/force 0.648
           Step           Time
          71000       71.00000

   Energies (kJ/mol)
        LJ (SR)   Coulomb (SR)   Coul. recip.      Potential    Kinetic En.
    1.71555e+04   -1.78897e+05    5.57784e+02   -1.61184e+05    2.84623e+04
   Total Energy  Conserved En.    Temperature Pressure (bar)
   -1.32721e+05   -1.58006e+05    2.94130e+02   -1.12110e+03


DD  step 71999  vol min/aver 0.932  load imb.: force  2.9%  pme mesh/force 0.635
           Step           Time
          72000       72.00000

   Energies (kJ/mol)
        LJ (SR)   Coulomb (SR)   Coul. recip.      Potential    Kinetic En.
    1.67434e+04   -1.78712e+05    5.24974e+02   -1.61444e+05    2.91908e+04
   Total Energy  Conserved En.    Temperature Pressure (bar)
   -1.32253e+05   -1.58010e+05    3.01658e+02   -1.33215e+03


DD  step 72999  vol min/aver 0.930  load imb.: force  3.1%  pme mesh/force 0.636
           Step           Time
          73000       73.00000

   Energies (kJ/mol)
        LJ (SR)   Coulomb (SR)   Coul. recip.      Potential    Kinetic En.
    1.73399e+04   -1.78966e+05    5.80592e+02   -1.61045e+05    2.91572e+04
   Total Energy  Conserved En.    Temperature Pressure (bar)
   -1.31888e+05   -1.58010e+05    3.01310e+02   -1.01299e+03


DD  step 73999  vol min/aver 0.911  load imb.: force  2.4%  pme mesh/force 0.638
           Step           Time
          74000       74.00000

   Energies (kJ/mol)
        LJ (SR)   Coulomb (SR)   Coul. recip.      Potential    Kinetic En.
    1.74498e+04   -1.79143e+05    5.77513e+02   -1.61115e+05    2.88973e+04
   Total Energy  Conserved En.    Temperature Pressure (bar)
   -1.32218e+05   -1.58010e+05    2.98625e+02   -9.39509e+02


DD  step 74999  vol min/aver 0.923  load imb.: force  4.2%  pme mesh/force 0.639
           Step           Time
          75000       75.00000

   Energies (kJ/mol)
        LJ (SR)   Coulomb (SR)   Coul. recip.      Potential    Kinetic En.
    1.77023e+04   -1.79926e+05    5.57153e+02   -1.61667e+05    2.89632e+04
   Total Energy  Conserved En.    Temperature Pressure (bar)
   -1.32703e+05   -1.58012e+05    2.99306e+02   -9.44315e+02


DD  step 75999  vol min/aver 0.929  load imb.: force  2.8%  pme mesh/force 0.634
           Step           Time
          76000       76.00000

   Energies (kJ/mol)
        LJ (SR)   Coulomb (SR)   Coul. recip.      Potential    Kinetic En.
    1.74462e+04   -1.79367e+05    5.71308e+02   -1.61350e+05    2.88206e+04
   Total Energy  Conserved En.    Temperature Pressure (bar)
   -1.32529e+05   -1.58013e+05    2.97833e+02   -9.96291e+02


DD  step 76999  vol min/aver 0.916  load imb.: force  3.8%  pme mesh/force 0.649
           Step           Time
          77000       77.00000

   Energies (kJ/mol)
        LJ (SR)   Coulomb (SR)   Coul. recip.      Potential    Kinetic En.
    1.71352e+04   -1.78824e+05    5.88043e+02   -1.61101e+05    2.90022e+04
   Total Energy  Conserved En.    Temperature Pressure (bar)
   -1.32099e+05   -1.58015e+05    2.99709e+02   -1.09185e+03


DD  step 77999  vol min/aver 0.909  load imb.: force  3.2%  pme mesh/force 0.644
           Step           Time
          78000       78.00000

   Energies (kJ/mol)
        LJ (SR)   Coulomb (SR)   Coul. recip.      Potential    Kinetic En.
    1.64365e+04   -1.77938e+05    5.94936e+02   -1.60906e+05    2.88967e+04
   Total Energy  Conserved En.    Temperature Pressure (bar)
   -1.32010e+05   -1.58015e+05    2.98619e+02   -1.43045e+03


DD  step 78999  vol min/aver 0.900  load imb.: force  3.1%  pme mesh/force 0.647
           Step           Time
          79000       79.00000

   Energies (kJ/mol)
        LJ (SR)   Coulomb (SR)   Coul. recip.      Potential    Kinetic En.
    1.69093e+04   -1.78199e+05    5.63499e+02   -1.60726e+05    2.88864e+04
   Total Energy  Conserved En.    Temperature Pressure (bar)
   -1.31840e+05   -1.58016e+05    2.98512e+02   -1.12928e+03


DD  step 79999  vol min/aver 0.916  load imb.: force  3.4%  pme mesh/force 0.632
           Step           Time
          80000       80.00000

   Energies (kJ/mol)
        LJ (SR)   Coulomb (SR)   Coul. recip.      Potential    Kinetic En.
    1.71645e+04   -1.78930e+05    5.49989e+02   -1.61216e+05    2.91608e+04
   Total Energy  Conserved En.    Temperature Pressure (bar)
   -1.32055e+05   -1.58016e+05    3.01348e+02   -1.05269e+03


DD  step 80999  vol min/aver 0.905  load imb.: force  4.8%  pme mesh/force 0.644
           Step           Time
          81000       81.00000

   Energies (kJ/mol)
        LJ (SR)   Coulomb (SR)   Coul. recip.      Potential    Kinetic En.
    1.72562e+04   -1.78627e+05    5.66849e+02   -1.60804e+05    2.87385e+04
   Total Energy  Conserved En.    Temperature Pressure (bar)
   -1.32065e+05   -1.58018e+05    2.96984e+02   -1.00598e+03


DD  step 81999  vol min/aver 0.936  load imb.: force  3.8%  pme mesh/force 0.632
           Step           Time
          82000       82.00000

   Energies (kJ/mol)
        LJ (SR)   Coulomb (SR)   Coul. recip.      Potential    Kinetic En.
    1.70574e+04   -1.78723e+05    5.94280e+02   -1.61071e+05    2.89052e+04
   Total Energy  Conserved En.    Temperature Pressure (bar)
   -1.32166e+05   -1.58020e+05    2.98706e+02   -1.14261e+03


DD  step 82999  vol min/aver 0.940  load imb.: force  5.7%  pme mesh/force 0.654
           Step           Time
          83000       83.00000

   Energies (kJ/mol)
        LJ (SR)   Coulomb (SR)   Coul. recip.      Potential    Kinetic En.
    1.73740e+04   -1.79244e+05    5.63340e+02   -1.61306e+05    2.87292e+04
   Total Energy  Conserved En.    Temperature Pressure (bar)
   -1.32577e+05   -1.58021e+05    2.96888e+02   -1.06992e+03


DD  step 83999  vol min/aver 0.939  load imb.: force  4.0%  pme mesh/force 0.627
           Step           Time
          84000       84.00000

   Energies (kJ/mol)
        LJ (SR)   Coulomb (SR)   Coul. recip.      Potential    Kinetic En.
    1.73933e+04   -1.79186e+05    5.80758e+02   -1.61211e+05    2.90265e+04
   Total Energy  Conserved En.    Temperature Pressure (bar)
   -1.32185e+05   -1.58021e+05    2.99960e+02   -9.90512e+02


DD  step 84999  vol min/aver 0.910  load imb.: force  3.8%  pme mesh/force 0.627
           Step           Time
          85000       85.00000

   Energies (kJ/mol)
        LJ (SR)   Coulomb (SR)   Coul. recip.      Potential    Kinetic En.
    1.68691e+04   -1.78452e+05    5.68319e+02   -1.61014e+05    2.89840e+04
   Total Energy  Conserved En.    Temperature Pressure (bar)
   -1.32030e+05   -1.58023e+05    2.99521e+02   -1.21976e+03


DD  step 85999  vol min/aver 0.924  load imb.: force  4.2%  pme mesh/force 0.635
           Step           Time
          86000       86.00000

   Energies (kJ/mol)
        LJ (SR)   Coulomb (SR)   Coul. recip.      Potential    Kinetic En.
    1.71749e+04   -1.78832e+05    5.65775e+02   -1.61091e+05    2.91038e+04
   Total Energy  Conserved En.    Temperature Pressure (bar)
   -1.31988e+05   -1.58022e+05    3.00759e+02   -1.03403e+03


DD  step 86999  vol min/aver 0.888  load imb.: force  3.0%  pme mesh/force 0.637
           Step           Time
          87000       87.00000

   Energies (kJ/mol)
        LJ (SR)   Coulomb (SR)   Coul. recip.      Potential    Kinetic En.
    1.71245e+04   -1.78547e+05    5.73206e+02   -1.60849e+05    2.91467e+04
   Total Energy  Conserved En.    Temperature Pressure (bar)
   -1.31702e+05   -1.58025e+05    3.01202e+02   -1.02245e+03


DD  step 87999  vol min/aver 0.948  load imb.: force  3.9%  pme mesh/force 0.639
           Step           Time
          88000       88.00000

   Energies (kJ/mol)
        LJ (SR)   Coulomb (SR)   Coul. recip.      Potential    Kinetic En.
    1.67219e+04   -1.77991e+05    5.54750e+02   -1.60714e+05    2.89554e+04
   Total Energy  Conserved En.    Temperature Pressure (bar)
   -1.31759e+05   -1.58027e+05    2.99225e+02   -1.17985e+03


DD  step 88999  vol min/aver 0.945  load imb.: force  3.9%  pme mesh/force 0.638
           Step           Time
          89000       89.00000

   Energies (kJ/mol)
        LJ (SR)   Coulomb (SR)   Coul. recip.      Potential    Kinetic En.
    1.71237e+04   -1.79059e+05    5.55620e+02   -1.61379e+05    2.90625e+04
   Total Energy  Conserved En.    Temperature Pressure (bar)
   -1.32317e+05   -1.58029e+05    3.00332e+02   -1.14767e+03


DD  step 89999  vol min/aver 0.947  load imb.: force  3.6%  pme mesh/force 0.635
           Step           Time
          90000       90.00000

   Energies (kJ/mol)
        LJ (SR)   Coulomb (SR)   Coul. recip.      Potential    Kinetic En.
    1.73382e+04   -1.79452e+05    5.42286e+02   -1.61571e+05    2.93800e+04
   Total Energy  Conserved En.    Temperature Pressure (bar)
   -1.32191e+05   -1.58030e+05    3.03613e+02   -1.05519e+03


DD  step 90999  vol min/aver 0.932  load imb.: force  3.2%  pme mesh/force 0.629
           Step           Time
          91000       91.00000

   Energies (kJ/mol)
        LJ (SR)   Coulomb (SR)   Coul. recip.      Potential    Kinetic En.
    1.69863e+04   -1.78706e+05    5.92249e+02   -1.61128e+05    2.87380e+04
   Total Energy  Conserved En.    Temperature Pressure (bar)
   -1.32390e+05   -1.58031e+05    2.96978e+02   -1.14997e+03


DD  step 91999  vol min/aver 0.956  load imb.: force  2.8%  pme mesh/force 0.636
           Step           Time
          92000       92.00000

   Energies (kJ/mol)
        LJ (SR)   Coulomb (SR)   Coul. recip.      Potential    Kinetic En.
    1.69732e+04   -1.79017e+05    5.46401e+02   -1.61498e+05    2.90048e+04
   Total Energy  Conserved En.    Temperature Pressure (bar)
   -1.32493e+05   -1.58031e+05    2.99736e+02   -1.18327e+03


DD  step 92999  vol min/aver 0.927  load imb.: force  3.5%  pme mesh/force 0.634
           Step           Time
          93000       93.00000

   Energies (kJ/mol)
        LJ (SR)   Coulomb (SR)   Coul. recip.      Potential    Kinetic En.
    1.71832e+04   -1.79637e+05    5.42390e+02   -1.61911e+05    2.92621e+04
   Total Energy  Conserved En.    Temperature Pressure (bar)
   -1.32649e+05   -1.58034e+05    3.02395e+02   -1.16860e+03


DD  step 93999  vol min/aver 0.951  load imb.: force  4.6%  pme mesh/force 0.632
           Step           Time
          94000       94.00000

   Energies (kJ/mol)
        LJ (SR)   Coulomb (SR)   Coul. recip.      Potential    Kinetic En.
    1.68237e+04   -1.78838e+05    5.60366e+02   -1.61454e+05    2.89649e+04
   Total Energy  Conserved En.    Temperature Pressure (bar)
   -1.32489e+05   -1.58034e+05    2.99323e+02   -1.32822e+03


DD  step 94999  vol min/aver 0.944  load imb.: force  4.2%  pme mesh/force 0.637
           Step           Time
          95000       95.00000

   Energies (kJ/mol)
        LJ (SR)   Coulomb (SR)   Coul. recip.      Potential    Kinetic En.
    1.68133e+04   -1.79023e+05    5.53131e+02   -1.61657e+05    2.93333e+04
   Total Energy  Conserved En.    Temperature Pressure (bar)
   -1.32323e+05   -1.58035e+05    3.03131e+02   -1.31734e+03


DD  step 95999  vol min/aver 0.923  load imb.: force  4.3%  pme mesh/force 0.657
           Step           Time
          96000       96.00000

   Energies (kJ/mol)
        LJ (SR)   Coulomb (SR)   Coul. recip.      Potential    Kinetic En.
    1.68830e+04   -1.78379e+05    6.20568e+02   -1.60876e+05    2.88523e+04
   Total Energy  Conserved En.    Temperature Pressure (bar)
   -1.32024e+05   -1.58036e+05    2.98160e+02   -1.22798e+03


DD  step 96999  vol min/aver 0.890  load imb.: force  2.4%  pme mesh/force 0.636
           Step           Time
          97000       97.00000

   Energies (kJ/mol)
        LJ (SR)   Coulomb (SR)   Coul. recip.      Potential    Kinetic En.
    1.72030e+04   -1.79042e+05    5.64177e+02   -1.61275e+05    2.96227e+04
   Total Energy  Conserved En.    Temperature Pressure (bar)
   -1.31652e+05   -1.58037e+05    3.06121e+02   -1.05192e+03


DD  step 97999  vol min/aver 0.947  load imb.: force  4.4%  pme mesh/force 0.628
           Step           Time
          98000       98.00000

   Energies (kJ/mol)
        LJ (SR)   Coulomb (SR)   Coul. recip.      Potential    Kinetic En.
    1.64384e+04   -1.77560e+05    5.72038e+02   -1.60550e+05    2.89024e+04
   Total Energy  Conserved En.    Temperature Pressure (bar)
   -1.31647e+05   -1.58037e+05    2.98678e+02   -1.39342e+03


DD  step 98999  vol min/aver 0.907  load imb.: force  4.6%  pme mesh/force 0.639
           Step           Time
          99000       99.00000

   Energies (kJ/mol)
        LJ (SR)   Coulomb (SR)   Coul. recip.      Potential    Kinetic En.
    1.65818e+04   -1.78447e+05    5.71104e+02   -1.61294e+05    2.91468e+04
   Total Energy  Conserved En.    Temperature Pressure (bar)
   -1.32147e+05   -1.58040e+05    3.01204e+02   -1.38873e+03


DD  step 99999  vol min/aver 0.927  load imb.: force  3.9%  pme mesh/force 0.639
           Step           Time
         100000      100.00000

   Energies (kJ/mol)
        LJ (SR)   Coulomb (SR)   Coul. recip.      Potential    Kinetic En.
    1.65239e+04   -1.77948e+05    5.80980e+02   -1.60843e+05    2.85694e+04
   Total Energy  Conserved En.    Temperature Pressure (bar)
   -1.32274e+05   -1.58041e+05    2.95236e+02   -1.41191e+03


DD  step 100999  vol min/aver 0.934  load imb.: force  4.7%  pme mesh/force 0.630
           Step           Time
         101000      101.00000

   Energies (kJ/mol)
        LJ (SR)   Coulomb (SR)   Coul. recip.      Potential    Kinetic En.
    1.71907e+04   -1.78672e+05    5.57777e+02   -1.60923e+05    2.89403e+04
   Total Energy  Conserved En.    Temperature Pressure (bar)
   -1.31983e+05   -1.58041e+05    2.99069e+02   -1.05574e+03


DD  step 101999  vol min/aver 0.949  load imb.: force  4.8%  pme mesh/force 0.631
           Step           Time
         102000      102.00000

   Energies (kJ/mol)
        LJ (SR)   Coulomb (SR)   Coul. recip.      Potential    Kinetic En.
    1.69888e+04   -1.78491e+05    5.42035e+02   -1.60961e+05    2.90579e+04
   Total Energy  Conserved En.    Temperature Pressure (bar)
   -1.31903e+05   -1.58042e+05    3.00285e+02   -1.16385e+03


DD  step 102999  vol min/aver 0.904  load imb.: force  6.5%  pme mesh/force 0.617
           Step           Time
         103000      103.00000

   Energies (kJ/mol)
        LJ (SR)   Coulomb (SR)   Coul. recip.      Potential    Kinetic En.
    1.72122e+04   -1.78548e+05    5.52943e+02   -1.60783e+05    2.89895e+04
   Total Energy  Conserved En.    Temperature Pressure (bar)
   -1.31793e+05   -1.58043e+05    2.99578e+02   -9.94381e+02


DD  step 103999  vol min/aver 0.942  load imb.: force  4.1%  pme mesh/force 0.633
           Step           Time
         104000      104.00000

   Energies (kJ/mol)
        LJ (SR)   Coulomb (SR)   Coul. recip.      Potential    Kinetic En.
    1.69564e+04   -1.78445e+05    5.80042e+02   -1.60909e+05    2.93301e+04
   Total Energy  Conserved En.    Temperature Pressure (bar)
   -1.31579e+05   -1.58045e+05    3.03098e+02   -1.13684e+03


DD  step 104999  vol min/aver 0.914  load imb.: force  3.1%  pme mesh/force 0.634
           Step           Time
         105000      105.00000

   Energies (kJ/mol)
        LJ (SR)   Coulomb (SR)   Coul. recip.      Potential    Kinetic En.
    1.63424e+04   -1.77643e+05    5.42745e+02   -1.60758e+05    2.89991e+04
   Total Energy  Conserved En.    Temperature Pressure (bar)
   -1.31759e+05   -1.58046e+05    2.99677e+02   -1.44195e+03


DD  step 105999  vol min/aver 0.944  load imb.: force  3.0%  pme mesh/force 0.637
           Step           Time
         106000      106.00000

   Energies (kJ/mol)
        LJ (SR)   Coulomb (SR)   Coul. recip.      Potential    Kinetic En.
    1.72241e+04   -1.78273e+05    5.41512e+02   -1.60508e+05    2.92448e+04
   Total Energy  Conserved En.    Temperature Pressure (bar)
   -1.31263e+05   -1.58045e+05    3.02216e+02   -8.97952e+02


DD  step 106999  vol min/aver 0.894  load imb.: force  2.9%  pme mesh/force 0.642
           Step           Time
         107000      107.00000

   Energies (kJ/mol)
        LJ (SR)   Coulomb (SR)   Coul. recip.      Potential    Kinetic En.
    1.79852e+04   -1.79124e+05    5.76769e+02   -1.60562e+05    2.90182e+04
   Total Energy  Conserved En.    Temperature Pressure (bar)
   -1.31544e+05   -1.58047e+05    2.99874e+02   -6.08894e+02


DD  step 107999  vol min/aver 0.901  load imb.: force  3.6%  pme mesh/force 0.639
           Step           Time
         108000      108.00000

   Energies (kJ/mol)
        LJ (SR)   Coulomb (SR)   Coul. recip.      Potential    Kinetic En.
    1.67722e+04   -1.77869e+05    5.62613e+02   -1.60534e+05    2.88178e+04
   Total Energy  Conserved En.    Temperature Pressure (bar)
   -1.31717e+05   -1.58048e+05    2.97804e+02   -1.20270e+03


DD  step 108999  vol min/aver 0.942  load imb.: force  2.9%  pme mesh/force 0.636
           Step           Time
         109000      109.00000

   Energies (kJ/mol)
        LJ (SR)   Coulomb (SR)   Coul. recip.      Potential    Kinetic En.
    1.69212e+04   -1.78295e+05    5.79156e+02   -1.60795e+05    2.87908e+04
   Total Energy  Conserved En.    Temperature Pressure (bar)
   -1.32004e+05   -1.58050e+05    2.97524e+02   -1.11063e+03


DD  step 109999  vol min/aver 0.952  load imb.: force  5.3%  pme mesh/force 0.648
           Step           Time
         110000      110.00000

   Energies (kJ/mol)
        LJ (SR)   Coulomb (SR)   Coul. recip.      Potential    Kinetic En.
    1.72772e+04   -1.79414e+05    5.53471e+02   -1.61583e+05    2.90300e+04
   Total Energy  Conserved En.    Temperature Pressure (bar)
   -1.32554e+05   -1.58052e+05    2.99996e+02   -1.08247e+03


DD  step 110999  vol min/aver 0.913  load imb.: force  4.1%  pme mesh/force 0.623
           Step           Time
         111000      111.00000

   Energies (kJ/mol)
        LJ (SR)   Coulomb (SR)   Coul. recip.      Potential    Kinetic En.
    1.70359e+04   -1.78827e+05    5.66981e+02   -1.61224e+05    2.87098e+04
   Total Energy  Conserved En.    Temperature Pressure (bar)
   -1.32515e+05   -1.58052e+05    2.96688e+02   -1.17669e+03


DD  step 111999  vol min/aver 0.943  load imb.: force  3.7%  pme mesh/force 0.625
           Step           Time
         112000      112.00000

   Energies (kJ/mol)
        LJ (SR)   Coulomb (SR)   Coul. recip.      Potential    Kinetic En.
    1.75429e+04   -1.79521e+05    6.05798e+02   -1.61373e+05    2.86702e+04
   Total Energy  Conserved En.    Temperature Pressure (bar)
   -1.32702e+05   -1.58052e+05    2.96278e+02   -9.15823e+02


DD  step 112999  vol min/aver 0.902  load imb.: force  2.5%  pme mesh/force 0.640
           Step           Time
         113000      113.00000

   Energies (kJ/mol)
        LJ (SR)   Coulomb (SR)   Coul. recip.      Potential    Kinetic En.
    1.69482e+04   -1.78891e+05    5.83875e+02   -1.61359e+05    2.91402e+04
   Total Energy  Conserved En.    Temperature Pressure (bar)
   -1.32218e+05   -1.58054e+05    3.01135e+02   -1.26666e+03


DD  step 113999  vol min/aver 0.941  load imb.: force  4.1%  pme mesh/force 0.631
           Step           Time
         114000      114.00000

   Energies (kJ/mol)
        LJ (SR)   Coulomb (SR)   Coul. recip.      Potential    Kinetic En.
    1.66249e+04   -1.78583e+05    5.69103e+02   -1.61389e+05    2.89982e+04
   Total Energy  Conserved En.    Temperature Pressure (bar)
   -1.32390e+05   -1.58055e+05    2.99667e+02   -1.43870e+03


DD  step 114999  vol min/aver 0.960  load imb.: force  4.5%  pme mesh/force 0.636
           Step           Time
         115000      115.00000

   Energies (kJ/mol)
        LJ (SR)   Coulomb (SR)   Coul. recip.      Potential    Kinetic En.
    1.62912e+04   -1.77492e+05    5.78752e+02   -1.60622e+05    2.86166e+04
   Total Energy  Conserved En.    Temperature Pressure (bar)
   -1.32006e+05   -1.58056e+05    2.95725e+02   -1.41843e+03


DD  step 115999  vol min/aver 0.962  load imb.: force  3.9%  pme mesh/force 0.645
           Step           Time
         116000      116.00000

   Energies (kJ/mol)
        LJ (SR)   Coulomb (SR)   Coul. recip.      Potential    Kinetic En.
    1.69994e+04   -1.78657e+05    5.85977e+02   -1.61071e+05    2.93270e+04
   Total Energy  Conserved En.    Temperature Pressure (bar)
   -1.31744e+05   -1.58057e+05    3.03066e+02   -1.18128e+03


DD  step 116999  vol min/aver 0.913  load imb.: force  3.4%  pme mesh/force 0.642
           Step           Time
         117000      117.00000

   Energies (kJ/mol)
        LJ (SR)   Coulomb (SR)   Coul. recip.      Potential    Kinetic En.
    1.73268e+04   -1.78813e+05    5.79873e+02   -1.60907e+05    2.89512e+04
   Total Energy  Conserved En.    Temperature Pressure (bar)
   -1.31956e+05   -1.58058e+05    2.99181e+02   -9.91129e+02


DD  step 117999  vol min/aver 0.942  load imb.: force  3.4%  pme mesh/force 0.651
           Step           Time
         118000      118.00000

   Energies (kJ/mol)
        LJ (SR)   Coulomb (SR)   Coul. recip.      Potential    Kinetic En.
    1.73686e+04   -1.79426e+05    5.82607e+02   -1.61475e+05    2.90807e+04
   Total Energy  Conserved En.    Temperature Pressure (bar)
   -1.32394e+05   -1.58059e+05    3.00521e+02   -1.03187e+03


DD  step 118999  vol min/aver 0.958  load imb.: force  3.7%  pme mesh/force 0.639
           Step           Time
         119000      119.00000

   Energies (kJ/mol)
        LJ (SR)   Coulomb (SR)   Coul. recip.      Potential    Kinetic En.
    1.71189e+04   -1.79275e+05    5.74792e+02   -1.61581e+05    2.91411e+04
   Total Energy  Conserved En.    Temperature Pressure (bar)
   -1.32440e+05   -1.58061e+05    3.01145e+02   -1.19687e+03


DD  step 119999  vol min/aver 0.923  load imb.: force  3.5%  pme mesh/force 0.633
           Step           Time
         120000      120.00000

   Energies (kJ/mol)
        LJ (SR)   Coulomb (SR)   Coul. recip.      Potential    Kinetic En.
    1.70992e+04   -1.79012e+05    5.77078e+02   -1.61335e+05    2.90877e+04
   Total Energy  Conserved En.    Temperature Pressure (bar)
   -1.32248e+05   -1.58062e+05    3.00593e+02   -1.09594e+03


DD  step 120999  vol min/aver 0.941  load imb.: force  3.9%  pme mesh/force 0.628
           Step           Time
         121000      121.00000

   Energies (kJ/mol)
        LJ (SR)   Coulomb (SR)   Coul. recip.      Potential    Kinetic En.
    1.73082e+04   -1.79387e+05    5.39496e+02   -1.61539e+05    2.91430e+04
   Total Energy  Conserved En.    Temperature Pressure (bar)
   -1.32396e+05   -1.58063e+05    3.01164e+02   -1.06287e+03


DD  step 121999  vol min/aver 0.930  load imb.: force  3.8%  pme mesh/force 0.627
           Step           Time
         122000      122.00000

   Energies (kJ/mol)
        LJ (SR)   Coulomb (SR)   Coul. recip.      Potential    Kinetic En.
    1.67689e+04   -1.78780e+05    5.74989e+02   -1.61436e+05    2.85068e+04
   Total Energy  Conserved En.    Temperature Pressure (bar)
   -1.32929e+05   -1.58064e+05    2.94590e+02   -1.33598e+03


DD  step 122999  vol min/aver 0.930  load imb.: force  3.1%  pme mesh/force 0.628
           Step           Time
         123000      123.00000

   Energies (kJ/mol)
        LJ (SR)   Coulomb (SR)   Coul. recip.      Potential    Kinetic En.
    1.70396e+04   -1.79005e+05    5.27776e+02   -1.61438e+05    2.86291e+04
   Total Energy  Conserved En.    Temperature Pressure (bar)
   -1.32809e+05   -1.58066e+05    2.95853e+02   -1.20628e+03


DD  step 123999  vol min/aver 0.962  load imb.: force  3.0%  pme mesh/force 0.635
           Step           Time
         124000      124.00000

   Energies (kJ/mol)
        LJ (SR)   Coulomb (SR)   Coul. recip.      Potential    Kinetic En.
    1.72062e+04   -1.79330e+05    5.57324e+02   -1.61567e+05    2.86950e+04
   Total Energy  Conserved En.    Temperature Pressure (bar)
   -1.32872e+05   -1.58067e+05    2.96535e+02   -1.16687e+03


DD  step 124999  vol min/aver 0.951  load imb.: force  3.5%  pme mesh/force 0.634
           Step           Time
         125000      125.00000

Writing checkpoint, step 125000 at Thu Sep 26 15:56:23 2024


   Energies (kJ/mol)
        LJ (SR)   Coulomb (SR)   Coul. recip.      Potential    Kinetic En.
    1.72864e+04   -1.79535e+05    5.90154e+02   -1.61659e+05    2.88649e+04
   Total Energy  Conserved En.    Temperature Pressure (bar)
   -1.32794e+05   -1.58068e+05    2.98290e+02   -1.09849e+03


Energy conservation over simulation part #1 of length 125 ps, time 0 to 125 ps
  Conserved energy drift: -6.36e-05 kJ/mol/ps per atom


	<======  ###############  ==>
	<====  A V E R A G E S  ====>
	<==  ###############  ======>

	Statistics over 125001 steps using 1251 frames

   Energies (kJ/mol)
        LJ (SR)   Coulomb (SR)   Coul. recip.      Potential    Kinetic En.
    1.72000e+04   -1.79296e+05    5.64970e+02   -1.61531e+05    2.88258e+04
   Total Energy  Conserved En.    Temperature Pressure (bar)
   -1.32705e+05   -1.57999e+05    2.97886e+02   -1.14619e+03

   Total Virial (kJ/mol)
    1.39242e+04    2.09464e+00   -3.59874e+01
    2.14723e+00    1.39390e+04   -2.91232e+00
   -3.58125e+01   -2.86599e+00    1.39049e+04

   Pressure (bar)
   -1.14694e+03    1.29131e+00    1.15859e+01
    1.27734e+00   -1.14979e+03    1.58372e-01
    1.15394e+01    1.46062e-01   -1.14186e+03


	M E G A - F L O P S   A C C O U N T I N G

 NB=Group-cutoff nonbonded kernels    NxN=N-by-N cluster Verlet kernels
 RF=Reaction-Field  VdW=Van der Waals  QSTab=quadratic-spline table
 W3=SPC/TIP3p  W4=TIP4p (single or pairs)
 V&F=Potential and force  V=Potential only  F=Force only

 Computing:                               M-Number         M-Flops  % Flops
-----------------------------------------------------------------------------
 Pair Search distance check            8235.934422       74123.410     0.1
 NxN Ewald Elec. + LJ [F]           1193847.519744    93120106.540    94.2
 NxN Ewald Elec. + LJ [V&F]           12068.694464     1556861.586     1.6
 NxN Ewald Elec. [F]                   9193.257216      560788.690     0.6
 NxN Ewald Elec. [V&F]                   92.947872        7807.621     0.0
 Calc Weights                          4362.409899      157046.756     0.2
 Spread Q Bspline                     93064.744512      186129.489     0.2
 Gather F Bspline                     93064.744512      558388.467     0.6
 3D-FFT                              299631.897036     2397055.176     2.4
 Solve PME                              220.501764       14112.113     0.0
 Reset In Box                            14.552883          43.659     0.0
 CG-CoM                                  14.564516          43.694     0.0
 Virial                                  15.678783         282.218     0.0
 Stop-CM                                 14.564516         145.645     0.0
 Calc-Ekin                               29.105766         785.856     0.0
 Constraint-V                          1452.398238       13071.584     0.0
 Constraint-Vir                          14.535369         348.849     0.0
 Settle                                 484.136619      179130.549     0.2
-----------------------------------------------------------------------------
 Total                                                98826271.902   100.0
-----------------------------------------------------------------------------


    D O M A I N   D E C O M P O S I T I O N   S T A T I S T I C S

 av. #atoms communicated per step for force:  2 x 42856.7


Dynamic load balancing report:
 DLB was turned on during the run due to measured imbalance.
 Average load imbalance: 4.1%.
 The balanceable part of the MD step is 91%, load imbalance is computed from this.
 Part of the total run time spent waiting due to load imbalance: 3.7%.
 Steps where the load balancing was limited by -rdd, -rcon and/or -dds: X 0 % Y 0 %
 Average PME mesh/force load: 0.638
 Part of the total run time spent waiting due to PP/PME imbalance: 5.7 %

NOTE: 5.7 % performance was lost because the PME ranks
      had less work to do than the PP ranks.
      You might want to decrease the number of PME ranks
      or decrease the cut-off and the grid spacing.


      R E A L   C Y C L E   A N D   T I M E   A C C O U N T I N G

On 20 MPI ranks doing PP, and
on 4 MPI ranks doing PME

 Activity:              Num   Num      Call    Wall time         Giga-Cycles
                        Ranks Threads  Count      (s)         total sum    %
--------------------------------------------------------------------------------
 Domain decomp.           20    1       1251       0.603         34.885   0.4
 DD comm. load            20    1       1250       0.009          0.498   0.0
 DD comm. bounds          20    1       1249       0.119          6.893   0.1
 Send X to PME            20    1     125001       0.130          7.505   0.1
 Neighbor search          20    1       1251       1.433         82.942   1.0
 Comm. coord.             20    1     123750       3.979        230.219   2.7
 Force                    20    1     125001     108.166       6258.767  72.3
 Wait + Comm. F           20    1     125001       6.897        399.067   4.6
 PME mesh *                4    1     125001      73.399        849.411   9.8
 PME wait for PP *                                51.038        590.643   6.8
 Wait + Recv. PME F       20    1     125001       0.560         32.376   0.4
 NB X/F buffer ops.       20    1     372501       1.426         82.502   1.0
 Write traj.              20    1         26       0.011          0.655   0.0
 Update                   20    1     125001       0.239         13.811   0.2
 Constraints              20    1     125003       0.600         34.723   0.4
 Comm. energies           20    1       1251       0.299         17.313   0.2
 Rest                                              0.199         11.518   0.1
--------------------------------------------------------------------------------
 Total                                           124.669       8656.407 100.0
--------------------------------------------------------------------------------
(*) Note that with separate PME ranks, the walltime column actually sums to
    twice the total reported, but the cycle count total and % are correct.
--------------------------------------------------------------------------------
 Breakdown of PME mesh activities
--------------------------------------------------------------------------------
 PME redist. X/F           4    1     250002       5.635         65.211   0.8
 PME spread                4    1     125001      17.567        203.299   2.3
 PME gather                4    1     125001      12.016        139.054   1.6
 PME 3D-FFT                4    1     250002      29.355        339.709   3.9
 PME 3D-FFT Comm.          4    1     250002       5.598         64.782   0.7
 PME solve Elec            4    1     125001       3.120         36.104   0.4
--------------------------------------------------------------------------------

               Core t (s)   Wall t (s)        (%)
       Time:     2992.043      124.669     2400.0
                 (ns/day)    (hour/ns)
Performance:       86.630        0.277
Finished mdrun on rank 0 Thu Sep 26 15:56:23 2024

