                      :-) GROMACS - gmx mdrun, 2023.3 (-:

Copyright 1991-2023 The GROMACS Authors.
GROMACS is free software; you can redistribute it and/or modify it
under the terms of the GNU Lesser General Public License
as published by the Free Software Foundation; either version 2.1
of the License, or (at your option) any later version.

                         Current GROMACS contributors:
       Mark Abraham           Andrey Alekseenko           Cathrine Bergh      
      Christian Blau            Eliane Briand             Mahesh Doijade      
    Stefan Fleischmann           Vytas Gapsys              Gaurav Garg        
      Sergey Gorelov         Gilles Gouaillardet            Alan Gray         
     M. Eric Irrgang         Farzaneh Jalalypour            Joe Jordan        
    Christoph Junghans        Prashanth Kanduri          Sebastian Keller     
     Carsten Kutzner           Justin A. Lemkul          Magnus Lundborg      
       Pascal Merz              Vedran Miletic            Dmitry Morozov      
       Szilard Pall             Roland Schulz             Michael Shirts      
     Alexey Shvetsov            Balint Soproni         David van der Spoel    
      Philip Turner             Carsten Uphoff           Alessandra Villa     
 Sebastian Wingbermuehle        Artem Zhmurov       

                         Previous GROMACS contributors:
        Emile Apol             Rossen Apostolov           James Barnett       
  Herman J.C. Berendsen          Par Bjelkmar           Viacheslav Bolnykh    
        Kevin Boyd            Aldert van Buuren          Carlo Camilloni      
     Rudi van Drunen            Anton Feenstra           Oliver Fleetwood     
     Gerrit Groenhof            Bert de Groot             Anca Hamuraru       
    Vincent Hindriksen          Victor Holanda           Aleksei Iupinov      
   Dimitrios Karkoulis           Peter Kasson             Sebastian Kehl      
        Jiri Kraus               Per Larsson              Viveca Lindahl      
      Erik Marklund           Pieter Meulenhoff           Teemu Murtola       
       Sander Pronk             Alfons Sijbers            Peter Tieleman      
       Jon Vincent             Teemu Virolainen         Christian Wennberg    
       Maarten Wolf       

                  Coordinated by the GROMACS project leaders:
                    Paul Bauer, Berk Hess, and Erik Lindahl

GROMACS:      gmx mdrun, version 2023.3
Executable:   /ext3/apps/gromacs/2023.3/openmpi/intel/bin/gmx_mpi
Data prefix:  /ext3/apps/gromacs/2023.3/openmpi/intel
Working dir:  /scratch/work/courses/CHEM-GA-2671-2024fa/students/ap8064/comp-lab-class-2024/Week4-CharmmGuiSetup/Setup/Art-Est_ AMBER
Process ID:   345992
Command line:
  gmx_mpi mdrun -v -deffnm step4.0_minimization

GROMACS version:    2023.3
Precision:          mixed
Memory model:       64 bit
MPI library:        MPI
OpenMP support:     disabled
GPU support:        disabled
SIMD instructions:  AVX2_256
CPU FFT library:    fftw-3.3.8-sse2-avx-avx2-avx2_128
GPU FFT library:    none
Multi-GPU FFT:      none
RDTSCP usage:       enabled
TNG support:        enabled
Hwloc support:      disabled
Tracing support:    disabled
C compiler:         /share/apps/utils/intel/icc Intel 2021.5.0.20211109
C compiler flags:   -mavx2 -mfma -pthread -O3 -DNDEBUG
C++ compiler:       /share/apps/utils/intel/icpc Intel 2021.5.0.20211109
C++ compiler flags: -mavx2 -mfma -pthread -O3 -DNDEBUG
BLAS library:       External - detected on the system
LAPACK library:     External - detected on the system


Running on 1 node with total 24 cores, 24 processing units
Hardware detected on host cm045.hpc.nyu.edu (the node of MPI rank 0):
  CPU info:
    Vendor: Intel
    Brand:  Intel(R) Xeon(R) Platinum 8268 CPU @ 2.90GHz
    Family: 6   Model: 85   Stepping: 7
    Features: aes apic avx avx2 avx512f avx512cd avx512bw avx512vl avx512secondFMA clfsh cmov cx8 cx16 f16c fma htt intel lahf mmx msr nonstop_tsc pcid pclmuldq pdcm pdpe1gb popcnt pse rdrnd rdtscp sse2 sse3 sse4.1 sse4.2 ssse3 tdt x2apic
    Number of AVX-512 FMA units: 2
  Hardware topology: Basic
    Packages, cores, and logical processors:
    [indices refer to OS logical processors]
      Package  0: [   0] [   1] [   2] [   3] [   4] [   5] [   6] [   7] [   8] [   9] [  10] [  11] [  12] [  13] [  14] [  15] [  16] [  17] [  18] [  19] [  20] [  21] [  22] [  23]
    CPU limit set by OS: -1   Recommended max number of threads: 24

Likely fastest SIMD instructions supported by all nodes: AVX_512
SIMD instructions selected at compile time:              AVX2_256
Merely a note: it is unfortunately hard to know for sure which SIMD
instructons will perform best on this hardware. For non-GPU runs
on Intel CPUs with dual AVX-512 units, using AVX-512 can be good,
while AVX2 is often better for runs also using a GPU. Typically
this is just a few percent, so don't worry unless you are tuning.


++++ PLEASE READ AND CITE THE FOLLOWING REFERENCE ++++
M. J. Abraham, T. Murtola, R. Schulz, S. Páll, J. C. Smith, B. Hess, E.
Lindahl
GROMACS: High performance molecular simulations through multi-level
parallelism from laptops to supercomputers
SoftwareX 1 (2015) pp. 19-25
-------- -------- --- Thank You --- -------- --------


++++ PLEASE READ AND CITE THE FOLLOWING REFERENCE ++++
S. Páll, M. J. Abraham, C. Kutzner, B. Hess, E. Lindahl
Tackling Exascale Software Challenges in Molecular Dynamics Simulations with
GROMACS
In S. Markidis & E. Laure (Eds.), Solving Software Challenges for Exascale 8759 (2015) pp. 3-27
-------- -------- --- Thank You --- -------- --------


++++ PLEASE READ AND CITE THE FOLLOWING REFERENCE ++++
S. Pronk, S. Páll, R. Schulz, P. Larsson, P. Bjelkmar, R. Apostolov, M. R.
Shirts, J. C. Smith, P. M. Kasson, D. van der Spoel, B. Hess, and E. Lindahl
GROMACS 4.5: a high-throughput and highly parallel open source molecular
simulation toolkit
Bioinformatics 29 (2013) pp. 845-54
-------- -------- --- Thank You --- -------- --------


++++ PLEASE READ AND CITE THE FOLLOWING REFERENCE ++++
B. Hess and C. Kutzner and D. van der Spoel and E. Lindahl
GROMACS 4: Algorithms for highly efficient, load-balanced, and scalable
molecular simulation
J. Chem. Theory Comput. 4 (2008) pp. 435-447
-------- -------- --- Thank You --- -------- --------


++++ PLEASE READ AND CITE THE FOLLOWING REFERENCE ++++
D. van der Spoel, E. Lindahl, B. Hess, G. Groenhof, A. E. Mark and H. J. C.
Berendsen
GROMACS: Fast, Flexible and Free
J. Comp. Chem. 26 (2005) pp. 1701-1719
-------- -------- --- Thank You --- -------- --------


++++ PLEASE READ AND CITE THE FOLLOWING REFERENCE ++++
E. Lindahl and B. Hess and D. van der Spoel
GROMACS 3.0: A package for molecular simulation and trajectory analysis
J. Mol. Mod. 7 (2001) pp. 306-317
-------- -------- --- Thank You --- -------- --------


++++ PLEASE READ AND CITE THE FOLLOWING REFERENCE ++++
H. J. C. Berendsen, D. van der Spoel and R. van Drunen
GROMACS: A message-passing parallel molecular dynamics implementation
Comp. Phys. Comm. 91 (1995) pp. 43-56
-------- -------- --- Thank You --- -------- --------


++++ PLEASE CITE THE DOI FOR THIS VERSION OF GROMACS ++++
https://doi.org/10.5281/zenodo.10017686
-------- -------- --- Thank You --- -------- --------

Input Parameters:
   integrator                     = steep
   tinit                          = 0
   dt                             = 0.001
   nsteps                         = 5000
   init-step                      = 0
   simulation-part                = 1
   mts                            = false
   comm-mode                      = Linear
   nstcomm                        = 100
   bd-fric                        = 0
   ld-seed                        = 2130401119
   emtol                          = 1000
   emstep                         = 0.01
   niter                          = 20
   fcstep                         = 0
   nstcgsteep                     = 1000
   nbfgscorr                      = 10
   rtpi                           = 0.05
   nstxout                        = 0
   nstvout                        = 0
   nstfout                        = 0
   nstlog                         = 1000
   nstcalcenergy                  = 100
   nstenergy                      = 1000
   nstxout-compressed             = 0
   compressed-x-precision         = 1000
   cutoff-scheme                  = Verlet
   nstlist                        = 10
   pbc                            = xyz
   periodic-molecules             = false
   verlet-buffer-tolerance        = 0.005
   rlist                          = 0.945
   coulombtype                    = PME
   coulomb-modifier               = Potential-shift
   rcoulomb-switch                = 0
   rcoulomb                       = 0.9
   epsilon-r                      = 1
   epsilon-rf                     = inf
   vdw-type                       = Cut-off
   vdw-modifier                   = None
   rvdw-switch                    = 0
   rvdw                           = 0.9
   DispCorr                       = EnerPres
   table-extension                = 1
   fourierspacing                 = 0.12
   fourier-nx                     = 44
   fourier-ny                     = 44
   fourier-nz                     = 44
   pme-order                      = 4
   ewald-rtol                     = 1e-05
   ewald-rtol-lj                  = 0.001
   lj-pme-comb-rule               = Geometric
   ewald-geometry                 = 3d
   epsilon-surface                = 0
   ensemble-temperature-setting   = not available
   ensemble-temperature           = -1
   tcoupl                         = No
   nsttcouple                     = -1
   nh-chain-length                = 0
   print-nose-hoover-chain-variables = false
   pcoupl                         = No
   pcoupltype                     = Isotropic
   nstpcouple                     = -1
   tau-p                          = 1
   compressibility (3x3):
      compressibility[    0]={ 0.00000e+00,  0.00000e+00,  0.00000e+00}
      compressibility[    1]={ 0.00000e+00,  0.00000e+00,  0.00000e+00}
      compressibility[    2]={ 0.00000e+00,  0.00000e+00,  0.00000e+00}
   ref-p (3x3):
      ref-p[    0]={ 0.00000e+00,  0.00000e+00,  0.00000e+00}
      ref-p[    1]={ 0.00000e+00,  0.00000e+00,  0.00000e+00}
      ref-p[    2]={ 0.00000e+00,  0.00000e+00,  0.00000e+00}
   refcoord-scaling               = No
   posres-com (3):
      posres-com[0]= 0.00000e+00
      posres-com[1]= 0.00000e+00
      posres-com[2]= 0.00000e+00
   posres-comB (3):
      posres-comB[0]= 0.00000e+00
      posres-comB[1]= 0.00000e+00
      posres-comB[2]= 0.00000e+00
   QMMM                           = false
qm-opts:
   ngQM                           = 0
   constraint-algorithm           = Lincs
   continuation                   = false
   Shake-SOR                      = false
   shake-tol                      = 0.0001
   lincs-order                    = 4
   lincs-iter                     = 1
   lincs-warnangle                = 30
   nwall                          = 0
   wall-type                      = 9-3
   wall-r-linpot                  = -1
   wall-atomtype[0]               = -1
   wall-atomtype[1]               = -1
   wall-density[0]                = 0
   wall-density[1]                = 0
   wall-ewald-zfac                = 3
   pull                           = false
   awh                            = false
   rotation                       = false
   interactiveMD                  = false
   disre                          = No
   disre-weighting                = Conservative
   disre-mixed                    = false
   dr-fc                          = 1000
   dr-tau                         = 0
   nstdisreout                    = 100
   orire-fc                       = 0
   orire-tau                      = 0
   nstorireout                    = 100
   free-energy                    = no
   cos-acceleration               = 0
   deform (3x3):
      deform[    0]={ 0.00000e+00,  0.00000e+00,  0.00000e+00}
      deform[    1]={ 0.00000e+00,  0.00000e+00,  0.00000e+00}
      deform[    2]={ 0.00000e+00,  0.00000e+00,  0.00000e+00}
   simulated-tempering            = false
   swapcoords                     = no
   userint1                       = 0
   userint2                       = 0
   userint3                       = 0
   userint4                       = 0
   userreal1                      = 0
   userreal2                      = 0
   userreal3                      = 0
   userreal4                      = 0
   applied-forces:
     electric-field:
       x:
         E0                       = 0
         omega                    = 0
         t0                       = 0
         sigma                    = 0
       y:
         E0                       = 0
         omega                    = 0
         t0                       = 0
         sigma                    = 0
       z:
         E0                       = 0
         omega                    = 0
         t0                       = 0
         sigma                    = 0
     density-guided-simulation:
       active                     = false
       group                      = protein
       similarity-measure         = inner-product
       atom-spreading-weight      = unity
       force-constant             = 1e+09
       gaussian-transform-spreading-width = 0.2
       gaussian-transform-spreading-range-in-multiples-of-width = 4
       reference-density-filename = reference.mrc
       nst                        = 1
       normalize-densities        = true
       adaptive-force-scaling     = false
       adaptive-force-scaling-time-constant = 4
       shift-vector               = 
       transformation-matrix      = 
     qmmm-cp2k:
       active                     = false
       qmgroup                    = System
       qmmethod                   = PBE
       qmfilenames                = 
       qmcharge                   = 0
       qmmultiplicity             = 1
grpopts:
   nrdf:       24790
   ref-t:           0
   tau-t:           0
annealing:          No
annealing-npoints:           0
   acc:	           0           0           0
   nfreeze:           N           N           N
   energygrp-flags[  0]: 0


Initializing Domain Decomposition on 24 ranks
NOTE: disabling dynamic load balancing as it is only supported with dynamics, not with integrator 'steep'.
Dynamic load balancing: off
Using update groups, nr 4193, average size 2.9 atoms, max. radius 0.136 nm
Minimum cell size due to atom displacement: 0.045 nm
Initial maximum distances in bonded interactions:
    two-body bonded interactions: 0.405 nm, LJ-14, atoms 230 238
  multi-body bonded interactions: 0.464 nm, CMAP Dih., atoms 25 46
Minimum cell size due to bonded interactions: 0.510 nm
Guess for relative PME load: 0.29
Will use 16 particle-particle and 8 PME only ranks
This is a guess, check the performance at the end of the log file
Using 8 separate PME ranks, as guessed by mdrun
Optimizing the DD grid for 16 cells with a minimum initial size of 0.510 nm
The maximum allowed number of cells is: X 9 Y 9 Z 9
Domain decomposition grid 4 x 4 x 1, separate PME ranks 8
PME domain decomposition: 4 x 2 x 1
Interleaving PP and PME ranks
This rank does only particle-particle work.
Domain decomposition rank 0, coordinates 0 0 0

The initial number of communication pulses is: X 1 Y 1
The initial domain decomposition cell size is: X 1.27 nm Y 1.27 nm

The maximum allowed distance for atom groups involved in interactions is:
                 non-bonded interactions           1.217 nm
            two-body bonded interactions  (-rdd)   1.217 nm
          multi-body bonded interactions  (-rdd)   1.217 nm

Using 24 MPI processes

Non-default thread affinity set, disabling internal thread affinity
System total charge: 0.000
Will do PME sum in reciprocal space for electrostatic interactions.

++++ PLEASE READ AND CITE THE FOLLOWING REFERENCE ++++
U. Essmann, L. Perera, M. L. Berkowitz, T. Darden, H. Lee and L. G. Pedersen 
A smooth particle mesh Ewald method
J. Chem. Phys. 103 (1995) pp. 8577-8592
-------- -------- --- Thank You --- -------- --------

Using a Gaussian width (1/beta) of 0.288146 nm for Ewald
Potential shift: LJ r^-12: 0.000e+00 r^-6: 0.000e+00, Ewald -1.111e-05
Initialized non-bonded Coulomb Ewald tables, spacing: 8.85e-04 size: 1018

Generated table with 972 data points for 1-4 COUL.
Tabscale = 500 points/nm
Generated table with 972 data points for 1-4 LJ6.
Tabscale = 500 points/nm
Generated table with 972 data points for 1-4 LJ12.
Tabscale = 500 points/nm

Long Range LJ corr.: <C6> 2.9882e-04


Using SIMD 4x8 nonbonded short-range kernels

Using a 4x8 pair-list setup:
  updated every 10 steps, buffer 0.045 nm, rlist 0.945 nm

Using Lorentz-Berthelot Lennard-Jones combination rule
Removing pbc first time

Linking all bonded interactions to atoms


Initializing LINear Constraint Solver

++++ PLEASE READ AND CITE THE FOLLOWING REFERENCE ++++
B. Hess and H. Bekker and H. J. C. Berendsen and J. G. E. M. Fraaije
LINCS: A Linear Constraint Solver for molecular simulations
J. Comp. Chem. 18 (1997) pp. 1463-1472
-------- -------- --- Thank You --- -------- --------

The number of constraints is 242

++++ PLEASE READ AND CITE THE FOLLOWING REFERENCE ++++
S. Miyamoto and P. A. Kollman
SETTLE: An Analytical Version of the SHAKE and RATTLE Algorithms for Rigid
Water Models
J. Comp. Chem. 13 (1992) pp. 952-962
-------- -------- --- Thank You --- -------- --------


Note that activating steepest-descent energy minimization via the integrator .mdp option and the command gmx mdrun may be available in a different form in a future version of GROMACS, e.g. gmx minimize and an .mdp option.
Initiating Steepest Descents

Atom distribution over 16 domains: av 765 stddev 45 min 721 max 814
Started Steepest Descents on rank 0 Thu Sep 26 15:43:47 2024


Steepest Descents:
   Tolerance (Fmax)   =  1.00000e+03
   Number of steps    =         5000
           Step           Time
              0        0.00000

   Energies (kJ/mol)
           Bond            U-B    Proper Dih. Per. Imp. Dih.      CMAP Dih.
    5.16453e+01    3.59708e+02    9.09717e+02    4.30580e-01    1.40935e+02
          LJ-14     Coulomb-14        LJ (SR)  Disper. corr.   Coulomb (SR)
    6.52017e+02    4.62235e+03    2.98539e+04   -9.71995e+02   -2.27495e+05
   Coul. recip. Position Rest.      Potential Pres. DC (bar) Pressure (bar)
    2.32445e+03    7.57538e-04   -1.90524e+05   -2.43351e+02    1.90331e+04
   Constr. rmsd
    1.26002e-06

           Step           Time
              1        1.00000

   Energies (kJ/mol)
           Bond            U-B    Proper Dih. Per. Imp. Dih.      CMAP Dih.
    3.31272e+02    3.48210e+02    9.14371e+02    9.23863e+00    1.39228e+02
          LJ-14     Coulomb-14        LJ (SR)  Disper. corr.   Coulomb (SR)
    6.16433e+02    4.55016e+03    2.95906e+04   -9.71995e+02   -2.27516e+05
   Coul. recip. Position Rest.      Potential Pres. DC (bar) Pressure (bar)
    2.28395e+03    2.33235e-01   -1.90676e+05   -2.43351e+02    1.88895e+04
   Constr. rmsd
    1.21664e-05

           Step           Time
              2        2.00000

   Energies (kJ/mol)
           Bond            U-B    Proper Dih. Per. Imp. Dih.      CMAP Dih.
    2.66734e+02    3.55281e+02    9.13844e+02    8.31320e+00    1.40972e+02
          LJ-14     Coulomb-14        LJ (SR)  Disper. corr.   Coulomb (SR)
    6.13983e+02    4.55656e+03    2.95510e+04   -9.71995e+02   -2.27542e+05
   Coul. recip. Position Rest.      Potential Pres. DC (bar) Pressure (bar)
    2.29616e+03    2.01618e-01   -1.90783e+05   -2.43351e+02    1.87678e+04
   Constr. rmsd
    1.39464e-06

           Step           Time
              3        3.00000

           Step           Time
              4        4.00000

   Energies (kJ/mol)
           Bond            U-B    Proper Dih. Per. Imp. Dih.      CMAP Dih.
    7.13071e+01    3.06657e+02    9.13962e+02    8.89286e+00    1.39077e+02
          LJ-14     Coulomb-14        LJ (SR)  Disper. corr.   Coulomb (SR)
    6.04215e+02    4.54287e+03    2.94975e+04   -9.71995e+02   -2.27534e+05
   Coul. recip. Position Rest.      Potential Pres. DC (bar) Pressure (bar)
    2.27902e+03    2.15625e-01   -1.91114e+05   -2.43351e+02    1.87996e+04
   Constr. rmsd
    1.18658e-06

           Step           Time
              5        5.00000

           Step           Time
              6        6.00000

   Energies (kJ/mol)
           Bond            U-B    Proper Dih. Per. Imp. Dih.      CMAP Dih.
    4.47480e+01    3.00094e+02    9.14599e+02    9.26778e+00    1.39606e+02
          LJ-14     Coulomb-14        LJ (SR)  Disper. corr.   Coulomb (SR)
    6.00625e+02    4.53634e+03    2.94672e+04   -9.71995e+02   -2.27544e+05
   Coul. recip. Position Rest.      Potential Pres. DC (bar) Pressure (bar)
    2.27902e+03    2.31523e-01   -1.91196e+05   -2.43351e+02    1.87497e+04
   Constr. rmsd
    1.32965e-06

           Step           Time
              7        7.00000

   Energies (kJ/mol)
           Bond            U-B    Proper Dih. Per. Imp. Dih.      CMAP Dih.
    6.46187e+01    3.08997e+02    9.15052e+02    1.00305e+01    1.38946e+02
          LJ-14     Coulomb-14        LJ (SR)  Disper. corr.   Coulomb (SR)
    5.92146e+02    4.52434e+03    2.94068e+04   -9.71995e+02   -2.27553e+05
   Coul. recip. Position Rest.      Potential Pres. DC (bar) Pressure (bar)
    2.26955e+03    2.98844e-01   -1.91266e+05   -2.43351e+02    1.87026e+04
   Constr. rmsd
    1.32132e-06

           Step           Time
              8        8.00000

   Energies (kJ/mol)
           Bond            U-B    Proper Dih. Per. Imp. Dih.      CMAP Dih.
    5.05473e+01    3.03856e+02    9.15964e+02    1.04171e+01    1.39251e+02
          LJ-14     Coulomb-14        LJ (SR)  Disper. corr.   Coulomb (SR)
    5.89323e+02    4.51755e+03    2.93789e+04   -9.71995e+02   -2.27563e+05
   Coul. recip. Position Rest.      Potential Pres. DC (bar) Pressure (bar)
    2.26881e+03    3.21986e-01   -1.91332e+05   -2.43351e+02    1.86639e+04
   Constr. rmsd
    1.26075e-06

           Step           Time
              9        9.00000

   Energies (kJ/mol)
           Bond            U-B    Proper Dih. Per. Imp. Dih.      CMAP Dih.
    7.43514e+01    3.14779e+02    9.16219e+02    1.11173e+01    1.38757e+02
          LJ-14     Coulomb-14        LJ (SR)  Disper. corr.   Coulomb (SR)
    5.82734e+02    4.50897e+03    2.93303e+04   -9.71995e+02   -2.27575e+05
   Coul. recip. Position Rest.      Potential Pres. DC (bar) Pressure (bar)
    2.26103e+03    3.87974e-01   -1.91380e+05   -2.43351e+02    1.86253e+04
   Constr. rmsd
    1.35272e-06

           Step           Time
             10       10.00000

   Energies (kJ/mol)
           Bond            U-B    Proper Dih. Per. Imp. Dih.      CMAP Dih.
    6.28216e+01    3.09082e+02    9.17327e+02    1.14596e+01    1.38957e+02
          LJ-14     Coulomb-14        LJ (SR)  Disper. corr.   Coulomb (SR)
    5.80366e+02    4.50193e+03    2.93047e+04   -9.71995e+02   -2.27584e+05
   Coul. recip. Position Rest.      Potential Pres. DC (bar) Pressure (bar)
    2.26034e+03    4.14012e-01   -1.91441e+05   -2.43351e+02    1.85938e+04
   Constr. rmsd
    1.33537e-06

           Step           Time
             11       11.00000

   Energies (kJ/mol)
           Bond            U-B    Proper Dih. Per. Imp. Dih.      CMAP Dih.
    1.00913e+02    3.22514e+02    9.17244e+02    1.20707e+01    1.38568e+02
          LJ-14     Coulomb-14        LJ (SR)  Disper. corr.   Coulomb (SR)
    5.75007e+02    4.49623e+03    2.92644e+04   -9.71995e+02   -2.27598e+05
   Coul. recip. Position Rest.      Potential Pres. DC (bar) Pressure (bar)
    2.25348e+03    4.80972e-01   -1.91461e+05   -2.43351e+02    1.85593e+04
   Constr. rmsd
    1.24035e-06

           Step           Time
             12       12.00000

   Energies (kJ/mol)
           Bond            U-B    Proper Dih. Per. Imp. Dih.      CMAP Dih.
    8.82170e+01    3.15433e+02    9.18582e+02    1.23454e+01    1.38704e+02
          LJ-14     Coulomb-14        LJ (SR)  Disper. corr.   Coulomb (SR)
    5.72929e+02    4.48863e+03    2.92409e+04   -9.71995e+02   -2.27607e+05
   Coul. recip. Position Rest.      Potential Pres. DC (bar) Pressure (bar)
    2.25327e+03    5.08286e-01   -1.91521e+05   -2.43351e+02    1.85329e+04
   Constr. rmsd
    1.26395e-06

           Step           Time
             13       13.00000

           Step           Time
             14       14.00000

   Energies (kJ/mol)
           Bond            U-B    Proper Dih. Per. Imp. Dih.      CMAP Dih.
    4.57574e+01    3.16476e+02    9.18305e+02    1.26132e+01    1.38540e+02
          LJ-14     Coulomb-14        LJ (SR)  Disper. corr.   Coulomb (SR)
    5.70638e+02    4.48718e+03    2.92236e+04   -9.71995e+02   -2.27614e+05
   Coul. recip. Position Rest.      Potential Pres. DC (bar) Pressure (bar)
    2.24968e+03    5.27116e-01   -1.91595e+05   -2.43351e+02    1.85235e+04
   Constr. rmsd
    1.19876e-06

           Step           Time
             15       15.00000

   Energies (kJ/mol)
           Bond            U-B    Proper Dih. Per. Imp. Dih.      CMAP Dih.
    1.08615e+02    3.22720e+02    9.19998e+02    1.33947e+01    1.38367e+02
          LJ-14     Coulomb-14        LJ (SR)  Disper. corr.   Coulomb (SR)
    5.64184e+02    4.47304e+03    2.91646e+04   -9.71995e+02   -2.27638e+05
   Coul. recip. Position Rest.      Potential Pres. DC (bar) Pressure (bar)
    2.24444e+03    6.36220e-01   -1.91632e+05   -2.43351e+02    1.84625e+04
   Constr. rmsd
    1.26976e-06

           Step           Time
             16       16.00000

   Energies (kJ/mol)
           Bond            U-B    Proper Dih. Per. Imp. Dih.      CMAP Dih.
    6.31641e+01    3.24999e+02    9.19478e+02    1.36861e+01    1.38238e+02
          LJ-14     Coulomb-14        LJ (SR)  Disper. corr.   Coulomb (SR)
    5.62047e+02    4.47287e+03    2.91474e+04   -9.71995e+02   -2.27648e+05
   Coul. recip. Position Rest.      Potential Pres. DC (bar) Pressure (bar)
    2.24053e+03    6.58005e-01   -1.91709e+05   -2.43351e+02    1.84508e+04
   Constr. rmsd
    1.23532e-06

           Step           Time
             17       17.00000

           Step           Time
             18       18.00000

   Energies (kJ/mol)
           Bond            U-B    Proper Dih. Per. Imp. Dih.      CMAP Dih.
    5.30553e+01    3.22188e+02    9.20188e+02    1.38352e+01    1.38194e+02
          LJ-14     Coulomb-14        LJ (SR)  Disper. corr.   Coulomb (SR)
    5.60261e+02    4.46794e+03    2.91303e+04   -9.71995e+02   -2.27656e+05
   Coul. recip. Position Rest.      Potential Pres. DC (bar) Pressure (bar)
    2.23956e+03    6.86002e-01   -1.91754e+05   -2.43351e+02    1.84366e+04
   Constr. rmsd
    1.21723e-06

           Step           Time
             19       19.00000

   Energies (kJ/mol)
           Bond            U-B    Proper Dih. Per. Imp. Dih.      CMAP Dih.
    8.25912e+01    3.30911e+02    9.20121e+02    1.42810e+01    1.38028e+02
          LJ-14     Coulomb-14        LJ (SR)  Disper. corr.   Coulomb (SR)
    5.56658e+02    4.46392e+03    2.90975e+04   -9.71995e+02   -2.27675e+05
   Coul. recip. Position Rest.      Potential Pres. DC (bar) Pressure (bar)
    2.23465e+03    7.55482e-01   -1.91780e+05   -2.43351e+02    1.84035e+04
   Constr. rmsd
    1.34723e-06

           Step           Time
             20       20.00000

   Energies (kJ/mol)
           Bond            U-B    Proper Dih. Per. Imp. Dih.      CMAP Dih.
    6.51798e+01    3.26481e+02    9.20989e+02    1.43900e+01    1.37988e+02
          LJ-14     Coulomb-14        LJ (SR)  Disper. corr.   Coulomb (SR)
    5.54965e+02    4.45858e+03    2.90815e+04   -9.71995e+02   -2.27683e+05
   Coul. recip. Position Rest.      Potential Pres. DC (bar) Pressure (bar)
    2.23424e+03    7.83701e-01   -1.91832e+05   -2.43351e+02    1.83908e+04
   Constr. rmsd
    1.22754e-06

           Step           Time
             21       21.00000

           Step           Time
             22       22.00000

   Energies (kJ/mol)
           Bond            U-B    Proper Dih. Per. Imp. Dih.      CMAP Dih.
    5.02485e+01    3.28275e+02    9.20771e+02    1.45904e+01    1.37909e+02
          LJ-14     Coulomb-14        LJ (SR)  Disper. corr.   Coulomb (SR)
    5.53456e+02    4.45759e+03    2.90676e+04   -9.71995e+02   -2.27692e+05
   Coul. recip. Position Rest.      Potential Pres. DC (bar) Pressure (bar)
    2.23168e+03    8.09012e-01   -1.91873e+05   -2.43351e+02    1.83794e+04
   Constr. rmsd
    1.22342e-06

           Step           Time
             23       23.00000

   Energies (kJ/mol)
           Bond            U-B    Proper Dih. Per. Imp. Dih.      CMAP Dih.
    7.57963e+01    3.30249e+02    9.21632e+02    1.48866e+01    1.37787e+02
          LJ-14     Coulomb-14        LJ (SR)  Disper. corr.   Coulomb (SR)
    5.50184e+02    4.45022e+03    2.90370e+04   -9.71995e+02   -2.27711e+05
   Coul. recip. Position Rest.      Potential Pres. DC (bar) Pressure (bar)
    2.22932e+03    8.82005e-01   -1.91907e+05   -2.43351e+02    1.83491e+04
   Constr. rmsd
    1.25157e-06

           Step           Time
             24       24.00000

   Energies (kJ/mol)
           Bond            U-B    Proper Dih. Per. Imp. Dih.      CMAP Dih.
    6.20726e+01    3.33198e+02    9.21239e+02    1.51178e+01    1.37696e+02
          LJ-14     Coulomb-14        LJ (SR)  Disper. corr.   Coulomb (SR)
    5.48600e+02    4.44988e+03    2.90221e+04   -9.71995e+02   -2.27722e+05
   Coul. recip. Position Rest.      Potential Pres. DC (bar) Pressure (bar)
    2.22629e+03    9.11612e-01   -1.91948e+05   -2.43351e+02    1.83363e+04
   Constr. rmsd
    1.24726e-06

           Step           Time
             25       25.00000

   Energies (kJ/mol)
           Bond            U-B    Proper Dih. Per. Imp. Dih.      CMAP Dih.
    9.58408e+01    3.34306e+02    9.22151e+02    1.52685e+01    1.37613e+02
          LJ-14     Coulomb-14        LJ (SR)  Disper. corr.   Coulomb (SR)
    5.46273e+02    4.44337e+03    2.90002e+04   -9.71995e+02   -2.27736e+05
   Coul. recip. Position Rest.      Potential Pres. DC (bar) Pressure (bar)
    2.22547e+03    9.72943e-01   -1.91958e+05   -2.43351e+02    1.83136e+04
   Constr. rmsd
    1.30328e-06

           Step           Time
             26       26.00000

   Energies (kJ/mol)
           Bond            U-B    Proper Dih. Per. Imp. Dih.      CMAP Dih.
    8.77029e+01    3.39082e+02    9.21507e+02    1.55454e+01    1.37509e+02
          LJ-14     Coulomb-14        LJ (SR)  Disper. corr.   Coulomb (SR)
    5.44672e+02    4.44401e+03    2.89849e+04   -9.71995e+02   -2.27748e+05
   Coul. recip. Position Rest.      Potential Pres. DC (bar) Pressure (bar)
    2.22185e+03    1.00616e+00   -1.91995e+05   -2.43351e+02    1.82996e+04
   Constr. rmsd
    1.17866e-06

           Step           Time
             27       27.00000

           Step           Time
             28       28.00000

   Energies (kJ/mol)
           Bond            U-B    Proper Dih. Per. Imp. Dih.      CMAP Dih.
    5.05187e+01    3.33387e+02    9.22067e+02    1.55543e+01    1.37479e+02
          LJ-14     Coulomb-14        LJ (SR)  Disper. corr.   Coulomb (SR)
    5.43674e+02    4.44055e+03    2.89757e+04   -9.71995e+02   -2.27754e+05
   Coul. recip. Position Rest.      Potential Pres. DC (bar) Pressure (bar)
    2.22179e+03    1.02262e+00   -1.92056e+05   -2.43351e+02    1.82953e+04
   Constr. rmsd
    1.20735e-06

           Step           Time
             29       29.00000

   Energies (kJ/mol)
           Bond            U-B    Proper Dih. Per. Imp. Dih.      CMAP Dih.
    1.17426e+02    3.45707e+02    9.22028e+02    1.61191e+01    1.37194e+02
          LJ-14     Coulomb-14        LJ (SR)  Disper. corr.   Coulomb (SR)
    5.38378e+02    4.43376e+03    2.89248e+04   -9.71995e+02   -2.27793e+05
   Coul. recip. Position Rest.      Potential Pres. DC (bar) Pressure (bar)
    2.21486e+03    1.17210e+00   -1.92086e+05   -2.43351e+02    1.82418e+04
   Constr. rmsd
    1.43037e-06

           Step           Time
             30       30.00000

   Energies (kJ/mol)
           Bond            U-B    Proper Dih. Per. Imp. Dih.      CMAP Dih.
    5.88137e+01    3.37622e+02    9.22764e+02    1.60952e+01    1.37168e+02
          LJ-14     Coulomb-14        LJ (SR)  Disper. corr.   Coulomb (SR)
    5.37365e+02    4.42981e+03    2.89161e+04   -9.71995e+02   -2.27800e+05
   Coul. recip. Position Rest.      Potential Pres. DC (bar) Pressure (bar)
    2.21535e+03    1.18800e+00   -1.92172e+05   -2.43351e+02    1.82389e+04
   Constr. rmsd
    1.20429e-06


DD  step 30 load imb.: force  7.1%  pme mesh/force 0.405
           Step           Time
             31       31.00000

           Step           Time
             32       32.00000

   Energies (kJ/mol)
           Bond            U-B    Proper Dih. Per. Imp. Dih.      CMAP Dih.
    6.50460e+01    3.41022e+02    9.22467e+02    1.63003e+01    1.37066e+02
          LJ-14     Coulomb-14        LJ (SR)  Disper. corr.   Coulomb (SR)
    5.35796e+02    4.42887e+03    2.89005e+04   -9.71995e+02   -2.27814e+05
   Coul. recip. Position Rest.      Potential Pres. DC (bar) Pressure (bar)
    2.21262e+03    1.23238e+00   -1.92197e+05   -2.43351e+02    1.82242e+04
   Constr. rmsd
    1.23721e-06

           Step           Time
             33       33.00000

   Energies (kJ/mol)
           Bond            U-B    Proper Dih. Per. Imp. Dih.      CMAP Dih.
    6.75935e+01    3.39806e+02    9.23035e+02    1.63404e+01    1.37007e+02
          LJ-14     Coulomb-14        LJ (SR)  Disper. corr.   Coulomb (SR)
    5.34442e+02    4.42485e+03    2.88880e+04   -9.71995e+02   -2.27824e+05
   Coul. recip. Position Rest.      Potential Pres. DC (bar) Pressure (bar)
    2.21242e+03    1.27467e+00   -1.92223e+05   -2.43351e+02    1.82123e+04
   Constr. rmsd
    1.17458e-06

           Step           Time
             34       34.00000

   Energies (kJ/mol)
           Bond            U-B    Proper Dih. Per. Imp. Dih.      CMAP Dih.
    8.32880e+01    3.44975e+02    9.22550e+02    1.65747e+01    1.36896e+02
          LJ-14     Coulomb-14        LJ (SR)  Disper. corr.   Coulomb (SR)
    5.32925e+02    4.42478e+03    2.88728e+04   -9.71995e+02   -2.27839e+05
   Coul. recip. Position Rest.      Potential Pres. DC (bar) Pressure (bar)
    2.20935e+03    1.32101e+00   -1.92237e+05   -2.43351e+02    1.81966e+04
   Constr. rmsd
    1.29048e-06

           Step           Time
             35       35.00000

   Energies (kJ/mol)
           Bond            U-B    Proper Dih. Per. Imp. Dih.      CMAP Dih.
    8.54467e+01    3.42754e+02    9.23308e+02    1.65625e+01    1.36846e+02
          LJ-14     Coulomb-14        LJ (SR)  Disper. corr.   Coulomb (SR)
    5.31657e+02    4.42004e+03    2.88613e+04   -9.71995e+02   -2.27849e+05
   Coul. recip. Position Rest.      Potential Pres. DC (bar) Pressure (bar)
    2.20981e+03    1.36478e+00   -1.92264e+05   -2.43351e+02    1.81860e+04
   Constr. rmsd
    1.24028e-06

           Step           Time
             36       36.00000

           Step           Time
             37       37.00000

   Energies (kJ/mol)
           Bond            U-B    Proper Dih. Per. Imp. Dih.      CMAP Dih.
    5.23907e+01    3.41840e+02    9.22927e+02    1.66974e+01    1.36786e+02
          LJ-14     Coulomb-14        LJ (SR)  Disper. corr.   Coulomb (SR)
    5.30920e+02    4.42064e+03    2.88538e+04   -9.71995e+02   -2.27856e+05
   Coul. recip. Position Rest.      Potential Pres. DC (bar) Pressure (bar)
    2.20779e+03    1.37773e+00   -1.92315e+05   -2.43351e+02    1.81821e+04
   Constr. rmsd
    1.13425e-06

           Step           Time
             38       38.00000

   Energies (kJ/mol)
           Bond            U-B    Proper Dih. Per. Imp. Dih.      CMAP Dih.
    9.88286e+01    3.45973e+02    9.23617e+02    1.69302e+01    1.36566e+02
          LJ-14     Coulomb-14        LJ (SR)  Disper. corr.   Coulomb (SR)
    5.27217e+02    4.41256e+03    2.88184e+04   -9.71995e+02   -2.27889e+05
   Coul. recip. Position Rest.      Potential Pres. DC (bar) Pressure (bar)
    2.20519e+03    1.51596e+00   -1.92347e+05   -2.43351e+02    1.81452e+04
   Constr. rmsd
    1.29232e-06

           Step           Time
             39       39.00000

   Energies (kJ/mol)
           Bond            U-B    Proper Dih. Per. Imp. Dih.      CMAP Dih.
    6.29568e+01    3.45854e+02    9.23059e+02    1.71098e+01    1.36490e+02
          LJ-14     Coulomb-14        LJ (SR)  Disper. corr.   Coulomb (SR)
    5.26386e+02    4.41401e+03    2.88099e+04   -9.71995e+02   -2.27899e+05
   Coul. recip. Position Rest.      Potential Pres. DC (bar) Pressure (bar)
    2.20261e+03    1.53100e+00   -1.92403e+05   -2.43351e+02    1.81397e+04
   Constr. rmsd
    1.21770e-06

           Step           Time
             40       40.00000

           Step           Time
             41       41.00000

   Energies (kJ/mol)
           Bond            U-B    Proper Dih. Per. Imp. Dih.      CMAP Dih.
    5.90870e+01    3.44355e+02    9.23441e+02    1.70956e+01    1.36437e+02
          LJ-14     Coulomb-14        LJ (SR)  Disper. corr.   Coulomb (SR)
    5.25430e+02    4.41101e+03    2.88010e+04   -9.71995e+02   -2.27907e+05
   Coul. recip. Position Rest.      Potential Pres. DC (bar) Pressure (bar)
    2.20252e+03    1.56737e+00   -1.92430e+05   -2.43351e+02    1.81323e+04
   Constr. rmsd
    1.23282e-06

           Step           Time
             42       42.00000

   Energies (kJ/mol)
           Bond            U-B    Proper Dih. Per. Imp. Dih.      CMAP Dih.
    7.50720e+01    3.48578e+02    9.23076e+02    1.72831e+01    1.36313e+02
          LJ-14     Coulomb-14        LJ (SR)  Disper. corr.   Coulomb (SR)
    5.23938e+02    4.41052e+03    2.87859e+04   -9.71995e+02   -2.27924e+05
   Coul. recip. Position Rest.      Potential Pres. DC (bar) Pressure (bar)
    2.19978e+03    1.62216e+00   -1.92446e+05   -2.43351e+02    1.81164e+04
   Constr. rmsd
    1.30498e-06

           Step           Time
             43       43.00000

   Energies (kJ/mol)
           Bond            U-B    Proper Dih. Per. Imp. Dih.      CMAP Dih.
    6.75254e+01    3.46253e+02    9.23602e+02    1.72409e+01    1.36264e+02
          LJ-14     Coulomb-14        LJ (SR)  Disper. corr.   Coulomb (SR)
    5.22998e+02    4.40697e+03    2.87775e+04   -9.71995e+02   -2.27933e+05
   Coul. recip. Position Rest.      Potential Pres. DC (bar) Pressure (bar)
    2.20015e+03    1.66027e+00   -1.92476e+05   -2.43351e+02    1.81095e+04
   Constr. rmsd
    1.16656e-06

           Step           Time
             44       44.00000

           Step           Time
             45       45.00000

   Energies (kJ/mol)
           Bond            U-B    Proper Dih. Per. Imp. Dih.      CMAP Dih.
    5.47539e+01    3.46613e+02    9.23319e+02    1.73523e+01    1.36201e+02
          LJ-14     Coulomb-14        LJ (SR)  Disper. corr.   Coulomb (SR)
    5.22311e+02    4.40723e+03    2.87703e+04   -9.71995e+02   -2.27940e+05
   Coul. recip. Position Rest.      Potential Pres. DC (bar) Pressure (bar)
    2.19849e+03    1.68076e+00   -1.92506e+05   -2.43351e+02    1.81040e+04
   Constr. rmsd
    1.25481e-06

           Step           Time
             46       46.00000

   Energies (kJ/mol)
           Bond            U-B    Proper Dih. Per. Imp. Dih.      CMAP Dih.
    7.46097e+01    3.48100e+02    9.23732e+02    1.74220e+01    1.36061e+02
          LJ-14     Coulomb-14        LJ (SR)  Disper. corr.   Coulomb (SR)
    5.20311e+02    4.40255e+03    2.87513e+04   -9.71995e+02   -2.27961e+05
   Coul. recip. Position Rest.      Potential Pres. DC (bar) Pressure (bar)
    2.19739e+03    1.76833e+00   -1.92532e+05   -2.43351e+02    1.80843e+04
   Constr. rmsd
    1.18631e-06

           Step           Time
             47       47.00000

   Energies (kJ/mol)
           Bond            U-B    Proper Dih. Per. Imp. Dih.      CMAP Dih.
    6.20760e+01    3.49114e+02    9.23318e+02    1.75706e+01    1.35982e+02
          LJ-14     Coulomb-14        LJ (SR)  Disper. corr.   Coulomb (SR)
    5.19537e+02    4.40335e+03    2.87431e+04   -9.71995e+02   -2.27971e+05
   Coul. recip. Position Rest.      Potential Pres. DC (bar) Pressure (bar)
    2.19523e+03    1.79194e+00   -1.92564e+05   -2.43351e+02    1.80776e+04
   Constr. rmsd
    1.27501e-06

           Step           Time
             48       48.00000

   Energies (kJ/mol)
           Bond            U-B    Proper Dih. Per. Imp. Dih.      CMAP Dih.
    8.84910e+01    3.50382e+02    9.23857e+02    1.75535e+01    1.35890e+02
          LJ-14     Coulomb-14        LJ (SR)  Disper. corr.   Coulomb (SR)
    5.18172e+02    4.39896e+03    2.87305e+04   -9.71995e+02   -2.27986e+05
   Coul. recip. Position Rest.      Potential Pres. DC (bar) Pressure (bar)
    2.19533e+03    1.86130e+00   -1.92569e+05   -2.43351e+02    1.80635e+04
   Constr. rmsd
    1.19637e-06

           Step           Time
             49       49.00000

   Energies (kJ/mol)
           Bond            U-B    Proper Dih. Per. Imp. Dih.      CMAP Dih.
    7.86522e+01    3.52388e+02    9.23257e+02    1.77585e+01    1.35797e+02
          LJ-14     Coulomb-14        LJ (SR)  Disper. corr.   Coulomb (SR)
    5.17354e+02    4.40055e+03    2.87216e+04   -9.71995e+02   -2.27996e+05
   Coul. recip. Position Rest.      Potential Pres. DC (bar) Pressure (bar)
    2.19256e+03    1.88636e+00   -1.92598e+05   -2.43351e+02    1.80557e+04
   Constr. rmsd
    1.11421e-06

           Step           Time
             50       50.00000

           Step           Time
             51       51.00000

   Energies (kJ/mol)
           Bond            U-B    Proper Dih. Per. Imp. Dih.      CMAP Dih.
    5.58452e+01    3.49015e+02    9.23627e+02    1.76969e+01    1.35763e+02
          LJ-14     Coulomb-14        LJ (SR)  Disper. corr.   Coulomb (SR)
    5.16764e+02    4.39804e+03    2.87165e+04   -9.71995e+02   -2.28002e+05
   Coul. recip. Position Rest.      Potential Pres. DC (bar) Pressure (bar)
    2.19292e+03    1.91085e+00   -1.92638e+05   -2.43351e+02    1.80533e+04
   Constr. rmsd
    1.15135e-06

           Step           Time
             52       52.00000

   Energies (kJ/mol)
           Bond            U-B    Proper Dih. Per. Imp. Dih.      CMAP Dih.
    9.78245e+01    3.55766e+02    9.23237e+02    1.79399e+01    1.35526e+02
          LJ-14     Coulomb-14        LJ (SR)  Disper. corr.   Coulomb (SR)
    5.14293e+02    4.39608e+03    2.86912e+04   -9.71995e+02   -2.28033e+05
   Coul. recip. Position Rest.      Potential Pres. DC (bar) Pressure (bar)
    2.18893e+03    2.02683e+00   -1.92654e+05   -2.43351e+02    1.80256e+04
   Constr. rmsd
    1.29021e-06

           Step           Time
             53       53.00000

   Energies (kJ/mol)
           Bond            U-B    Proper Dih. Per. Imp. Dih.      CMAP Dih.
    6.17122e+01    3.50971e+02    9.23759e+02    1.78478e+01    1.35493e+02
          LJ-14     Coulomb-14        LJ (SR)  Disper. corr.   Coulomb (SR)
    5.13661e+02    4.39296e+03    2.86863e+04   -9.71995e+02   -2.28040e+05
   Coul. recip. Position Rest.      Potential Pres. DC (bar) Pressure (bar)
    2.18973e+03    2.05353e+00   -1.92709e+05   -2.43351e+02    1.80239e+04
   Constr. rmsd
    1.20168e-06

           Step           Time
             54       54.00000

           Step           Time
             55       55.00000

   Energies (kJ/mol)
           Bond            U-B    Proper Dih. Per. Imp. Dih.      CMAP Dih.
    6.36289e+01    3.52621e+02    9.23450e+02    1.79824e+01    1.35400e+02
          LJ-14     Coulomb-14        LJ (SR)  Disper. corr.   Coulomb (SR)
    5.12815e+02    4.39307e+03    2.86772e+04   -9.71995e+02   -2.28051e+05
   Coul. recip. Position Rest.      Potential Pres. DC (bar) Pressure (bar)
    2.18777e+03    2.09010e+00   -1.92729e+05   -2.43351e+02    1.80155e+04
   Constr. rmsd
    1.24421e-06

           Step           Time
             56       56.00000

   Energies (kJ/mol)
           Bond            U-B    Proper Dih. Per. Imp. Dih.      CMAP Dih.
    6.79843e+01    3.52286e+02    9.23828e+02    1.79505e+01    1.35331e+02
          LJ-14     Coulomb-14        LJ (SR)  Disper. corr.   Coulomb (SR)
    5.11930e+02    4.39006e+03    2.86693e+04   -9.71995e+02   -2.28062e+05
   Coul. recip. Position Rest.      Potential Pres. DC (bar) Pressure (bar)
    2.18794e+03    2.13907e+00   -1.92747e+05   -2.43351e+02    1.80073e+04
   Constr. rmsd
    1.25353e-06

           Step           Time
             57       57.00000

   Energies (kJ/mol)
           Bond            U-B    Proper Dih. Per. Imp. Dih.      CMAP Dih.
    7.55594e+01    3.55010e+02    9.23383e+02    1.81249e+01    1.35229e+02
          LJ-14     Coulomb-14        LJ (SR)  Disper. corr.   Coulomb (SR)
    5.11074e+02    4.39084e+03    2.86599e+04   -9.71995e+02   -2.28074e+05
   Coul. recip. Position Rest.      Potential Pres. DC (bar) Pressure (bar)
    2.18556e+03    2.17656e+00   -1.92761e+05   -2.43351e+02    1.79978e+04
   Constr. rmsd
    1.15778e-06

           Step           Time
             58       58.00000

   Energies (kJ/mol)
           Bond            U-B    Proper Dih. Per. Imp. Dih.      CMAP Dih.
    8.06440e+01    3.54229e+02    9.23918e+02    1.80439e+01    1.35169e+02
          LJ-14     Coulomb-14        LJ (SR)  Disper. corr.   Coulomb (SR)
    5.10246e+02    4.38715e+03    2.86529e+04   -9.71995e+02   -2.28084e+05
   Coul. recip. Position Rest.      Potential Pres. DC (bar) Pressure (bar)
    2.18633e+03    2.22737e+00   -1.92777e+05   -2.43351e+02    1.79906e+04
   Constr. rmsd
    1.23953e-06

           Step           Time
             59       59.00000

   Energies (kJ/mol)
           Bond            U-B    Proper Dih. Per. Imp. Dih.      CMAP Dih.
    9.97294e+01    3.58699e+02    9.23279e+02    1.82828e+01    1.35057e+02
          LJ-14     Coulomb-14        LJ (SR)  Disper. corr.   Coulomb (SR)
    5.09417e+02    4.38890e+03    2.86433e+04   -9.71995e+02   -2.28096e+05
   Coul. recip. Position Rest.      Potential Pres. DC (bar) Pressure (bar)
    2.18334e+03    2.26452e+00   -1.92778e+05   -2.43351e+02    1.79798e+04
   Constr. rmsd
    1.18952e-06

           Step           Time
             60       60.00000

   Energies (kJ/mol)
           Bond            U-B    Proper Dih. Per. Imp. Dih.      CMAP Dih.
    1.06953e+02    3.57510e+02    9.24041e+02    1.81355e+01    1.35008e+02
          LJ-14     Coulomb-14        LJ (SR)  Disper. corr.   Coulomb (SR)
    5.08614e+02    4.38416e+03    2.86371e+04   -9.71995e+02   -2.28106e+05
   Coul. recip. Position Rest.      Potential Pres. DC (bar) Pressure (bar)
    2.18495e+03    2.32016e+00   -1.92791e+05   -2.43351e+02    1.79730e+04
   Constr. rmsd
    1.33067e-06

           Step           Time
             61       61.00000

           Step           Time
             62       62.00000

   Energies (kJ/mol)
           Bond            U-B    Proper Dih. Per. Imp. Dih.      CMAP Dih.
    5.70096e+01    3.54313e+02    9.23574e+02    1.82892e+01    1.34946e+02
          LJ-14     Coulomb-14        LJ (SR)  Disper. corr.   Coulomb (SR)
    5.08191e+02    4.38578e+03    2.86320e+04   -9.71995e+02   -2.28112e+05
   Coul. recip. Position Rest.      Potential Pres. DC (bar) Pressure (bar)
    2.18274e+03    2.32246e+00   -1.92857e+05   -2.43351e+02    1.79732e+04
   Constr. rmsd
    1.26902e-06

           Step           Time
             63       63.00000

           Step           Time
             64       64.00000

   Energies (kJ/mol)
           Bond            U-B    Proper Dih. Per. Imp. Dih.      CMAP Dih.
    6.88131e+01    3.55012e+02    9.23840e+02    1.82913e+01    1.34813e+02
          LJ-14     Coulomb-14        LJ (SR)  Disper. corr.   Coulomb (SR)
    5.06846e+02    4.38226e+03    2.86192e+04   -9.71995e+02   -2.28130e+05
   Coul. recip. Position Rest.      Potential Pres. DC (bar) Pressure (bar)
    2.18202e+03    2.40358e+00   -1.92881e+05   -2.43351e+02    1.79601e+04
   Constr. rmsd
    1.15858e-06

           Step           Time
             65       65.00000

   Energies (kJ/mol)
           Bond            U-B    Proper Dih. Per. Imp. Dih.      CMAP Dih.
    6.22883e+01    3.55901e+02    9.23507e+02    1.84184e+01    1.34737e+02
          LJ-14     Coulomb-14        LJ (SR)  Disper. corr.   Coulomb (SR)
    5.06262e+02    4.38309e+03    2.86128e+04   -9.71995e+02   -2.28139e+05
   Coul. recip. Position Rest.      Potential Pres. DC (bar) Pressure (bar)
    2.18020e+03    2.42763e+00   -1.92904e+05   -2.43351e+02    1.79539e+04
   Constr. rmsd
    1.22001e-06

           Step           Time
             66       66.00000

   Energies (kJ/mol)
           Bond            U-B    Proper Dih. Per. Imp. Dih.      CMAP Dih.
    7.72467e+01    3.56625e+02    9.23891e+02    1.83603e+01    1.34647e+02
          LJ-14     Coulomb-14        LJ (SR)  Disper. corr.   Coulomb (SR)
    5.05305e+02    4.37971e+03    2.86042e+04   -9.71995e+02   -2.28153e+05
   Coul. recip. Position Rest.      Potential Pres. DC (bar) Pressure (bar)
    2.18042e+03    2.49269e+00   -1.92914e+05   -2.43351e+02    1.79445e+04
   Constr. rmsd
    1.31414e-06

           Step           Time
             67       67.00000

   Energies (kJ/mol)
           Bond            U-B    Proper Dih. Per. Imp. Dih.      CMAP Dih.
    7.37033e+01    3.58142e+02    9.23414e+02    1.85378e+01    1.34558e+02
          LJ-14     Coulomb-14        LJ (SR)  Disper. corr.   Coulomb (SR)
    5.04691e+02    4.38116e+03    2.85970e+04   -9.71995e+02   -2.28163e+05
   Coul. recip. Position Rest.      Potential Pres. DC (bar) Pressure (bar)
    2.17803e+03    2.51785e+00   -1.92935e+05   -2.43351e+02    1.79378e+04
   Constr. rmsd
    1.23310e-06

           Step           Time
             68       68.00000

   Energies (kJ/mol)
           Bond            U-B    Proper Dih. Per. Imp. Dih.      CMAP Dih.
    9.40508e+01    3.58944e+02    9.23966e+02    1.84270e+01    1.34487e+02
          LJ-14     Coulomb-14        LJ (SR)  Disper. corr.   Coulomb (SR)
    5.03869e+02    4.37715e+03    2.85902e+04   -9.71995e+02   -2.28174e+05
   Coul. recip. Position Rest.      Potential Pres. DC (bar) Pressure (bar)
    2.17904e+03    2.58177e+00   -1.92936e+05   -2.43351e+02    1.79294e+04
   Constr. rmsd
    1.24918e-06

           Step           Time
             69       69.00000

   Energies (kJ/mol)
           Bond            U-B    Proper Dih. Per. Imp. Dih.      CMAP Dih.
    9.82138e+01    3.61767e+02    9.23285e+02    1.86848e+01    1.34385e+02
          LJ-14     Coulomb-14        LJ (SR)  Disper. corr.   Coulomb (SR)
    5.03250e+02    4.37960e+03    2.85824e+04   -9.71995e+02   -2.28185e+05
   Coul. recip. Position Rest.      Potential Pres. DC (bar) Pressure (bar)
    2.17591e+03    2.60607e+00   -1.92949e+05   -2.43351e+02    1.79215e+04
   Constr. rmsd
    1.23457e-06

           Step           Time
             70       70.00000

           Step           Time
             71       71.00000

   Energies (kJ/mol)
           Bond            U-B    Proper Dih. Per. Imp. Dih.      CMAP Dih.
    5.76025e+01    3.56891e+02    9.23676e+02    1.85636e+01    1.34357e+02
          LJ-14     Coulomb-14        LJ (SR)  Disper. corr.   Coulomb (SR)
    5.02844e+02    4.37708e+03    2.85795e+04   -9.71995e+02   -2.28190e+05
   Coul. recip. Position Rest.      Potential Pres. DC (bar) Pressure (bar)
    2.17668e+03    2.62811e+00   -1.93004e+05   -2.43351e+02    1.79227e+04
   Constr. rmsd
    1.22271e-06

           Step           Time
             72       72.00000

   Energies (kJ/mol)
           Bond            U-B    Proper Dih. Per. Imp. Dih.      CMAP Dih.
    1.27112e+02    3.65635e+02    9.23175e+02    1.88164e+01    1.33985e+02
          LJ-14     Coulomb-14        LJ (SR)  Disper. corr.   Coulomb (SR)
    4.99981e+02    4.37466e+03    2.85496e+04   -9.71995e+02   -2.28236e+05
   Coul. recip. Position Rest.      Potential Pres. DC (bar) Pressure (bar)
    2.17145e+03    2.81555e+00   -1.93013e+05   -2.43351e+02    1.78880e+04
   Constr. rmsd
    1.26989e-06

           Step           Time
             73       73.00000

   Energies (kJ/mol)
           Bond            U-B    Proper Dih. Per. Imp. Dih.      CMAP Dih.
    6.33285e+01    3.59029e+02    9.23732e+02    1.86606e+01    1.33961e+02
          LJ-14     Coulomb-14        LJ (SR)  Disper. corr.   Coulomb (SR)
    4.99519e+02    4.37156e+03    2.85471e+04   -9.71995e+02   -2.28242e+05
   Coul. recip. Position Rest.      Potential Pres. DC (bar) Pressure (bar)
    2.17283e+03    2.83951e+00   -1.93093e+05   -2.43351e+02    1.78900e+04
   Constr. rmsd
    1.17117e-06

           Step           Time
             74       74.00000

           Step           Time
             75       75.00000

   Energies (kJ/mol)
           Bond            U-B    Proper Dih. Per. Imp. Dih.      CMAP Dih.
    7.49609e+01    3.61310e+02    9.23370e+02    1.88271e+01    1.33849e+02
          LJ-14     Coulomb-14        LJ (SR)  Disper. corr.   Coulomb (SR)
    4.98783e+02    4.37213e+03    2.85387e+04   -9.71995e+02   -2.28255e+05
   Coul. recip. Position Rest.      Potential Pres. DC (bar) Pressure (bar)
    2.17057e+03    2.88401e+00   -1.93104e+05   -2.43351e+02    1.78816e+04
   Constr. rmsd
    1.14099e-06

           Step           Time
             76       76.00000

   Energies (kJ/mol)
           Bond            U-B    Proper Dih. Per. Imp. Dih.      CMAP Dih.
    7.02591e+01    3.60358e+02    9.23767e+02    1.87370e+01    1.33798e+02
          LJ-14     Coulomb-14        LJ (SR)  Disper. corr.   Coulomb (SR)
    4.98234e+02    4.36934e+03    2.85346e+04   -9.71995e+02   -2.28264e+05
   Coul. recip. Position Rest.      Potential Pres. DC (bar) Pressure (bar)
    2.17136e+03    2.92852e+00   -1.93124e+05   -2.43351e+02    1.78774e+04
   Constr. rmsd
    1.21121e-06

           Step           Time
             77       77.00000

           Step           Time
             78       78.00000

   Energies (kJ/mol)
           Bond            U-B    Proper Dih. Per. Imp. Dih.      CMAP Dih.
    5.91549e+01    3.60045e+02    9.23507e+02    1.88443e+01    1.33740e+02
          LJ-14     Coulomb-14        LJ (SR)  Disper. corr.   Coulomb (SR)
    4.97882e+02    4.37007e+03    2.85303e+04   -9.71995e+02   -2.28270e+05
   Coul. recip. Position Rest.      Potential Pres. DC (bar) Pressure (bar)
    2.16991e+03    2.94406e+00   -1.93148e+05   -2.43351e+02    1.78747e+04
   Constr. rmsd
    1.09130e-06

           Step           Time
             79       79.00000

   Energies (kJ/mol)
           Bond            U-B    Proper Dih. Per. Imp. Dih.      CMAP Dih.
    7.59246e+01    3.61663e+02    9.23768e+02    1.88477e+01    1.33587e+02
          LJ-14     Coulomb-14        LJ (SR)  Disper. corr.   Coulomb (SR)
    4.96637e+02    4.36666e+03    2.85189e+04   -9.71995e+02   -2.28292e+05
   Coul. recip. Position Rest.      Potential Pres. DC (bar) Pressure (bar)
    2.16935e+03    3.04190e+00   -1.93167e+05   -2.43351e+02    1.78618e+04
   Constr. rmsd
    1.20660e-06

           Step           Time
             80       80.00000

   Energies (kJ/mol)
           Bond            U-B    Proper Dih. Per. Imp. Dih.      CMAP Dih.
    6.47857e+01    3.61727e+02    9.23400e+02    1.89961e+01    1.33516e+02
          LJ-14     Coulomb-14        LJ (SR)  Disper. corr.   Coulomb (SR)
    4.96229e+02    4.36794e+03    2.85139e+04   -9.71995e+02   -2.28299e+05
   Coul. recip. Position Rest.      Potential Pres. DC (bar) Pressure (bar)
    2.16738e+03    3.05876e+00   -1.93192e+05   -2.43351e+02    1.78580e+04
   Constr. rmsd
    1.21603e-06

           Step           Time
             81       81.00000

   Energies (kJ/mol)
           Bond            U-B    Proper Dih. Per. Imp. Dih.      CMAP Dih.
    8.71685e+01    3.63435e+02    9.23796e+02    1.89123e+01    1.33423e+02
          LJ-14     Coulomb-14        LJ (SR)  Disper. corr.   Coulomb (SR)
    4.95415e+02    4.36451e+03    2.85071e+04   -9.71995e+02   -2.28314e+05
   Coul. recip. Position Rest.      Potential Pres. DC (bar) Pressure (bar)
    2.16795e+03    3.13383e+00   -1.93193e+05   -2.43351e+02    1.78491e+04
   Constr. rmsd
    1.21802e-06

           Step           Time
             82       82.00000

   Energies (kJ/mol)
           Bond            U-B    Proper Dih. Per. Imp. Dih.      CMAP Dih.
    7.78449e+01    3.64018e+02    9.23273e+02    1.91271e+01    1.33340e+02
          LJ-14     Coulomb-14        LJ (SR)  Disper. corr.   Coulomb (SR)
    4.94979e+02    4.36658e+03    2.85014e+04   -9.71995e+02   -2.28323e+05
   Coul. recip. Position Rest.      Potential Pres. DC (bar) Pressure (bar)
    2.16531e+03    3.14973e+00   -1.93218e+05   -2.43351e+02    1.78445e+04
   Constr. rmsd
    1.22793e-06

           Step           Time
             83       83.00000

           Step           Time
             84       84.00000

   Energies (kJ/mol)
           Bond            U-B    Proper Dih. Per. Imp. Dih.      CMAP Dih.
    6.02962e+01    3.61880e+02    9.23561e+02    1.90281e+01    1.33306e+02
          LJ-14     Coulomb-14        LJ (SR)  Disper. corr.   Coulomb (SR)
    4.94625e+02    4.36449e+03    2.84988e+04   -9.71995e+02   -2.28328e+05
   Coul. recip. Position Rest.      Potential Pres. DC (bar) Pressure (bar)
    2.16594e+03    3.17939e+00   -1.93247e+05   -2.43351e+02    1.78436e+04
   Constr. rmsd
    1.17406e-06

           Step           Time
             85       85.00000

   Energies (kJ/mol)
           Bond            U-B    Proper Dih. Per. Imp. Dih.      CMAP Dih.
    9.29892e+01    3.66334e+02    9.23155e+02    1.92195e+01    1.33108e+02
          LJ-14     Coulomb-14        LJ (SR)  Disper. corr.   Coulomb (SR)
    4.93368e+02    4.36437e+03    2.84853e+04   -9.71995e+02   -2.28353e+05
   Coul. recip. Position Rest.      Potential Pres. DC (bar) Pressure (bar)
    2.16272e+03    3.27301e+00   -1.93253e+05   -2.43351e+02    1.78275e+04
   Constr. rmsd
    1.30924e-06

           Step           Time
             86       86.00000

   Energies (kJ/mol)
           Bond            U-B    Proper Dih. Per. Imp. Dih.      CMAP Dih.
    6.50739e+01    3.63263e+02    9.23571e+02    1.90798e+01    1.33076e+02
          LJ-14     Coulomb-14        LJ (SR)  Disper. corr.   Coulomb (SR)
    4.92977e+02    4.36166e+03    2.84831e+04   -9.71995e+02   -2.28359e+05
   Coul. recip. Position Rest.      Potential Pres. DC (bar) Pressure (bar)
    2.16385e+03    3.30692e+00   -1.93294e+05   -2.43351e+02    1.78272e+04
   Constr. rmsd
    1.21620e-06

           Step           Time
             87       87.00000

           Step           Time
             88       88.00000

   Energies (kJ/mol)
           Bond            U-B    Proper Dih. Per. Imp. Dih.      CMAP Dih.
    6.58866e+01    3.64044e+02    9.23289e+02    1.92096e+01    1.32996e+02
          LJ-14     Coulomb-14        LJ (SR)  Disper. corr.   Coulomb (SR)
    4.92519e+02    4.36232e+03    2.84777e+04   -9.71995e+02   -2.28369e+05
   Coul. recip. Position Rest.      Potential Pres. DC (bar) Pressure (bar)
    2.16207e+03    3.33593e+00   -1.93310e+05   -2.43351e+02    1.78223e+04
   Constr. rmsd
    1.20456e-06

           Step           Time
             89       89.00000

   Energies (kJ/mol)
           Bond            U-B    Proper Dih. Per. Imp. Dih.      CMAP Dih.
    7.01772e+01    3.64278e+02    9.23576e+02    1.91357e+01    1.32930e+02
          LJ-14     Coulomb-14        LJ (SR)  Disper. corr.   Coulomb (SR)
    4.91967e+02    4.35987e+03    2.84734e+04   -9.71995e+02   -2.28379e+05
   Coul. recip. Position Rest.      Potential Pres. DC (bar) Pressure (bar)
    2.16254e+03    3.38907e+00   -1.93322e+05   -2.43351e+02    1.78171e+04
   Constr. rmsd
    1.17380e-06

           Step           Time
             90       90.00000

   Energies (kJ/mol)
           Bond            U-B    Proper Dih. Per. Imp. Dih.      CMAP Dih.
    7.54482e+01    3.65757e+02    9.23180e+02    1.93142e+01    1.32841e+02
          LJ-14     Coulomb-14        LJ (SR)  Disper. corr.   Coulomb (SR)
    4.91493e+02    4.36115e+03    2.84675e+04   -9.71995e+02   -2.28390e+05
   Coul. recip. Position Rest.      Potential Pres. DC (bar) Pressure (bar)
    2.16026e+03    3.41752e+00   -1.93333e+05   -2.43351e+02    1.78111e+04
   Constr. rmsd
    1.22299e-06

           Step           Time
             91       91.00000

   Energies (kJ/mol)
           Bond            U-B    Proper Dih. Per. Imp. Dih.      CMAP Dih.
    8.05008e+01    3.65843e+02    9.23602e+02    1.91839e+01    1.32786e+02
          LJ-14     Coulomb-14        LJ (SR)  Disper. corr.   Coulomb (SR)
    4.90979e+02    4.35802e+03    2.84641e+04   -9.71995e+02   -2.28399e+05
   Coul. recip. Position Rest.      Potential Pres. DC (bar) Pressure (bar)
    2.16138e+03    3.47343e+00   -1.93343e+05   -2.43351e+02    1.78067e+04
   Constr. rmsd
    1.17733e-06

           Step           Time
             92       92.00000

   Energies (kJ/mol)
           Bond            U-B    Proper Dih. Per. Imp. Dih.      CMAP Dih.
    9.50461e+01    3.68493e+02    9.23043e+02    1.94400e+01    1.32689e+02
          LJ-14     Coulomb-14        LJ (SR)  Disper. corr.   Coulomb (SR)
    4.90513e+02    4.36020e+03    2.84577e+04   -9.71995e+02   -2.28410e+05
   Coul. recip. Position Rest.      Potential Pres. DC (bar) Pressure (bar)
    2.15841e+03    3.49916e+00   -1.93345e+05   -2.43351e+02    1.77996e+04
   Constr. rmsd
    1.21406e-06

           Step           Time
             93       93.00000

   Energies (kJ/mol)
           Bond            U-B    Proper Dih. Per. Imp. Dih.      CMAP Dih.
    1.01963e+02    3.68533e+02    9.23659e+02    1.92318e+01    1.32644e+02
          LJ-14     Coulomb-14        LJ (SR)  Disper. corr.   Coulomb (SR)
    4.90009e+02    4.35605e+03    2.84551e+04   -9.71995e+02   -2.28420e+05
   Coul. recip. Position Rest.      Potential Pres. DC (bar) Pressure (bar)
    2.16040e+03    3.56189e+00   -1.93352e+05   -2.43351e+02    1.77956e+04
   Constr. rmsd
    1.23833e-06

           Step           Time
             94       94.00000

           Step           Time
             95       95.00000

   Energies (kJ/mol)
           Bond            U-B    Proper Dih. Per. Imp. Dih.      CMAP Dih.
    6.07153e+01    3.65363e+02    9.23255e+02    1.94027e+01    1.32590e+02
          LJ-14     Coulomb-14        LJ (SR)  Disper. corr.   Coulomb (SR)
    4.89767e+02    4.35783e+03    2.84515e+04   -9.71995e+02   -2.28425e+05
   Coul. recip. Position Rest.      Potential Pres. DC (bar) Pressure (bar)
    2.15819e+03    3.55970e+00   -1.93407e+05   -2.43351e+02    1.77964e+04
   Constr. rmsd
    1.20360e-06

           Step           Time
             96       96.00000

           Step           Time
             97       97.00000

   Energies (kJ/mol)
           Bond            U-B    Proper Dih. Per. Imp. Dih.      CMAP Dih.
    7.05015e+01    3.66212e+02    9.23436e+02    1.93664e+01    1.32465e+02
          LJ-14     Coulomb-14        LJ (SR)  Disper. corr.   Coulomb (SR)
    4.88891e+02    4.35510e+03    2.84438e+04   -9.71995e+02   -2.28443e+05
   Coul. recip. Position Rest.      Potential Pres. DC (bar) Pressure (bar)
    2.15775e+03    3.64523e+00   -1.93426e+05   -2.43351e+02    1.77877e+04
   Constr. rmsd
    1.28776e-06

           Step           Time
             98       98.00000

   Energies (kJ/mol)
           Bond            U-B    Proper Dih. Per. Imp. Dih.      CMAP Dih.
    6.50654e+01    3.66521e+02    9.23139e+02    1.95000e+01    1.32400e+02
          LJ-14     Coulomb-14        LJ (SR)  Disper. corr.   Coulomb (SR)
    4.88549e+02    4.35621e+03    2.84397e+04   -9.71995e+02   -2.28451e+05
   Coul. recip. Position Rest.      Potential Pres. DC (bar) Pressure (bar)
    2.15598e+03    3.66347e+00   -1.93444e+05   -2.43351e+02    1.77837e+04
   Constr. rmsd
    1.22095e-06

           Step           Time
             99       99.00000

   Energies (kJ/mol)
           Bond            U-B    Proper Dih. Per. Imp. Dih.      CMAP Dih.
    7.72815e+01    3.67529e+02    9.23433e+02    1.94026e+01    1.32320e+02
          LJ-14     Coulomb-14        LJ (SR)  Disper. corr.   Coulomb (SR)
    4.87949e+02    4.35346e+03    2.84351e+04   -9.71995e+02   -2.28464e+05
   Coul. recip. Position Rest.      Potential Pres. DC (bar) Pressure (bar)
    2.15648e+03    3.73069e+00   -1.93451e+05   -2.43351e+02    1.77778e+04
   Constr. rmsd
    1.25092e-06

           Step           Time
            100      100.00000

   Energies (kJ/mol)
           Bond            U-B    Proper Dih. Per. Imp. Dih.      CMAP Dih.
    7.45665e+01    3.68199e+02    9.23012e+02    1.95964e+01    1.32244e+02
          LJ-14     Coulomb-14        LJ (SR)  Disper. corr.   Coulomb (SR)
    4.87586e+02    4.35516e+03    2.84303e+04   -9.71995e+02   -2.28473e+05
   Coul. recip. Position Rest.      Potential Pres. DC (bar) Pressure (bar)
    2.15409e+03    3.74836e+00   -1.93468e+05   -2.43351e+02    1.77733e+04
   Constr. rmsd
    1.18936e-06

           Step           Time
            101      101.00000

           Step           Time
            102      102.00000

   Energies (kJ/mol)
           Bond            U-B    Proper Dih. Per. Imp. Dih.      CMAP Dih.
    6.09248e+01    3.66724e+02    9.23231e+02    1.95019e+01    1.32214e+02
          LJ-14     Coulomb-14        LJ (SR)  Disper. corr.   Coulomb (SR)
    4.87320e+02    4.35347e+03    2.84287e+04   -9.71995e+02   -2.28478e+05
   Coul. recip. Position Rest.      Potential Pres. DC (bar) Pressure (bar)
    2.15466e+03    3.77700e+00   -1.93492e+05   -2.43351e+02    1.77728e+04
   Constr. rmsd
    1.16894e-06

           Step           Time
            103      103.00000

   Energies (kJ/mol)
           Bond            U-B    Proper Dih. Per. Imp. Dih.      CMAP Dih.
    8.61914e+01    3.70168e+02    9.22866e+02    1.96747e+01    1.31996e+02
          LJ-14     Coulomb-14        LJ (SR)  Disper. corr.   Coulomb (SR)
    4.86068e+02    4.35306e+03    2.84158e+04   -9.71995e+02   -2.28508e+05
   Coul. recip. Position Rest.      Potential Pres. DC (bar) Pressure (bar)
    2.15127e+03    3.88850e+00   -1.93511e+05   -2.43351e+02    1.77576e+04
   Constr. rmsd
    1.28405e-06

           Step           Time
            104      104.00000

   Energies (kJ/mol)
           Bond            U-B    Proper Dih. Per. Imp. Dih.      CMAP Dih.
    6.34563e+01    3.67961e+02    9.23185e+02    1.95442e+01    1.31968e+02
          LJ-14     Coulomb-14        LJ (SR)  Disper. corr.   Coulomb (SR)
    4.85776e+02    4.35086e+03    2.84144e+04   -9.71995e+02   -2.28514e+05
   Coul. recip. Position Rest.      Potential Pres. DC (bar) Pressure (bar)
    2.15228e+03    3.92137e+00   -1.93544e+05   -2.43351e+02    1.77575e+04
   Constr. rmsd
    1.18659e-06

           Step           Time
            105      105.00000

           Step           Time
            106      106.00000

   Energies (kJ/mol)
           Bond            U-B    Proper Dih. Per. Imp. Dih.      CMAP Dih.
    6.69119e+01    3.68781e+02    9.22947e+02    1.96698e+01    1.31887e+02
          LJ-14     Coulomb-14        LJ (SR)  Disper. corr.   Coulomb (SR)
    4.85344e+02    4.35133e+03    2.84097e+04   -9.71995e+02   -2.28524e+05
   Coul. recip. Position Rest.      Potential Pres. DC (bar) Pressure (bar)
    2.15055e+03    3.95600e+00   -1.93557e+05   -2.43351e+02    1.77527e+04
   Constr. rmsd
    1.13798e-06

           Step           Time
            107      107.00000

   Energies (kJ/mol)
           Bond            U-B    Proper Dih. Per. Imp. Dih.      CMAP Dih.
    6.62409e+01    3.68747e+02    9.23163e+02    1.95950e+01    1.31836e+02
          LJ-14     Coulomb-14        LJ (SR)  Disper. corr.   Coulomb (SR)
    4.84963e+02    4.34943e+03    2.84071e+04   -9.71995e+02   -2.28533e+05
   Coul. recip. Position Rest.      Potential Pres. DC (bar) Pressure (bar)
    2.15100e+03    4.00116e+00   -1.93571e+05   -2.43351e+02    1.77496e+04
   Constr. rmsd
    1.15907e-06

           Step           Time
            108      108.00000

   Energies (kJ/mol)
           Bond            U-B    Proper Dih. Per. Imp. Dih.      CMAP Dih.
    7.44182e+01    3.70146e+02    9.22832e+02    1.97630e+01    1.31748e+02
          LJ-14     Coulomb-14        LJ (SR)  Disper. corr.   Coulomb (SR)
    4.84527e+02    4.35041e+03    2.84020e+04   -9.71995e+02   -2.28545e+05
   Coul. recip. Position Rest.      Potential Pres. DC (bar) Pressure (bar)
    2.14884e+03    4.03452e+00   -1.93580e+05   -2.43351e+02    1.77439e+04
   Constr. rmsd
    1.24945e-06

           Step           Time
            109      109.00000

   Energies (kJ/mol)
           Bond            U-B    Proper Dih. Per. Imp. Dih.      CMAP Dih.
    7.20809e+01    3.69856e+02    9.23155e+02    1.96372e+01    1.31704e+02
          LJ-14     Coulomb-14        LJ (SR)  Disper. corr.   Coulomb (SR)
    4.84157e+02    4.34793e+03    2.83999e+04   -9.71995e+02   -2.28553e+05
   Coul. recip. Position Rest.      Potential Pres. DC (bar) Pressure (bar)
    2.14982e+03    4.08343e+00   -1.93595e+05   -2.43351e+02    1.77414e+04
   Constr. rmsd
    1.23094e-06

           Step           Time
            110      110.00000

           Step           Time
            111      111.00000

   Energies (kJ/mol)
           Bond            U-B    Proper Dih. Per. Imp. Dih.      CMAP Dih.
    6.19667e+01    3.69277e+02    9.22923e+02    1.97515e+01    1.31658e+02
          LJ-14     Coulomb-14        LJ (SR)  Disper. corr.   Coulomb (SR)
    4.83939e+02    4.34880e+03    2.83971e+04   -9.71995e+02   -2.28559e+05
   Coul. recip. Position Rest.      Potential Pres. DC (bar) Pressure (bar)
    2.14837e+03    4.09417e+00   -1.93615e+05   -2.43351e+02    1.77398e+04
   Constr. rmsd
    1.32738e-06

           Step           Time
            112      112.00000

   Energies (kJ/mol)
           Bond            U-B    Proper Dih. Per. Imp. Dih.      CMAP Dih.
    7.64452e+01    3.70954e+02    9.23096e+02    1.97275e+01    1.31512e+02
          LJ-14     Coulomb-14        LJ (SR)  Disper. corr.   Coulomb (SR)
    4.83014e+02    4.34595e+03    2.83897e+04   -9.71995e+02   -2.28582e+05
   Coul. recip. Position Rest.      Potential Pres. DC (bar) Pressure (bar)
    2.14787e+03    4.20126e+00   -1.93634e+05   -2.43351e+02    1.77301e+04
   Constr. rmsd
    1.27346e-06

           Step           Time
            113      113.00000

   Energies (kJ/mol)
           Bond            U-B    Proper Dih. Per. Imp. Dih.      CMAP Dih.
    6.67773e+01    3.70633e+02    9.22767e+02    1.98895e+01    1.31454e+02
          LJ-14     Coulomb-14        LJ (SR)  Disper. corr.   Coulomb (SR)
    4.82753e+02    4.34736e+03    2.83863e+04   -9.71995e+02   -2.28589e+05
   Coul. recip. Position Rest.      Potential Pres. DC (bar) Pressure (bar)
    2.14586e+03    4.21237e+00   -1.93655e+05   -2.43351e+02    1.77277e+04
   Constr. rmsd
    1.21644e-06

           Step           Time
            114      114.00000

           Step           Time
            115      115.00000

   Energies (kJ/mol)
           Bond            U-B    Proper Dih. Per. Imp. Dih.      CMAP Dih.
    6.30303e+01    3.70287e+02    9.22923e+02    1.98175e+01    1.31415e+02
          LJ-14     Coulomb-14        LJ (SR)  Disper. corr.   Coulomb (SR)
    4.82476e+02    4.34591e+03    2.83845e+04   -9.71995e+02   -2.28596e+05
   Coul. recip. Position Rest.      Potential Pres. DC (bar) Pressure (bar)
    2.14620e+03    4.24778e+00   -1.93669e+05   -2.43351e+02    1.77259e+04
   Constr. rmsd
    1.17939e-06

           Step           Time
            116      116.00000

   Energies (kJ/mol)
           Bond            U-B    Proper Dih. Per. Imp. Dih.      CMAP Dih.
    7.24671e+01    3.71771e+02    9.22651e+02    1.99548e+01    1.31310e+02
          LJ-14     Coulomb-14        LJ (SR)  Disper. corr.   Coulomb (SR)
    4.81923e+02    4.34632e+03    2.83788e+04   -9.71995e+02   -2.28612e+05
   Coul. recip. Position Rest.      Potential Pres. DC (bar) Pressure (bar)
    2.14406e+03    4.29853e+00   -1.93682e+05   -2.43351e+02    1.77192e+04
   Constr. rmsd
    1.26883e-06

           Step           Time
            117      117.00000

   Energies (kJ/mol)
           Bond            U-B    Proper Dih. Per. Imp. Dih.      CMAP Dih.
    6.54269e+01    3.71123e+02    9.22884e+02    1.98487e+01    1.31274e+02
          LJ-14     Coulomb-14        LJ (SR)  Disper. corr.   Coulomb (SR)
    4.81641e+02    4.34445e+03    2.83773e+04   -9.71995e+02   -2.28618e+05
   Coul. recip. Position Rest.      Potential Pres. DC (bar) Pressure (bar)
    2.14477e+03    4.33763e+00   -1.93699e+05   -2.43351e+02    1.77177e+04
   Constr. rmsd
    1.22147e-06

           Step           Time
            118      118.00000

   Energies (kJ/mol)
           Bond            U-B    Proper Dih. Per. Imp. Dih.      CMAP Dih.
    8.29300e+01    3.73372e+02    9.22519e+02    2.00420e+01    1.31170e+02
          LJ-14     Coulomb-14        LJ (SR)  Disper. corr.   Coulomb (SR)
    4.81142e+02    4.34547e+03    2.83718e+04   -9.71995e+02   -2.28633e+05
   Coul. recip. Position Rest.      Potential Pres. DC (bar) Pressure (bar)
    2.14224e+03    4.38193e+00   -1.93702e+05   -2.43351e+02    1.77106e+04
   Constr. rmsd
    1.20063e-06

           Step           Time
            119      119.00000

   Energies (kJ/mol)
           Bond            U-B    Proper Dih. Per. Imp. Dih.      CMAP Dih.
    7.09733e+01    3.72251e+02    9.22864e+02    1.98818e+01    1.31138e+02
          LJ-14     Coulomb-14        LJ (SR)  Disper. corr.   Coulomb (SR)
    4.80848e+02    4.34295e+03    2.83707e+04   -9.71995e+02   -2.28640e+05
   Coul. recip. Position Rest.      Potential Pres. DC (bar) Pressure (bar)
    2.14352e+03    4.42678e+00   -1.93725e+05   -2.43351e+02    1.77098e+04
   Constr. rmsd
    1.28131e-06

           Step           Time
            120      120.00000

           Step           Time
            121      121.00000

   Energies (kJ/mol)
           Bond            U-B    Proper Dih. Per. Imp. Dih.      CMAP Dih.
    6.46139e+01    3.71975e+02    9.22612e+02    2.00148e+01    1.31087e+02
          LJ-14     Coulomb-14        LJ (SR)  Disper. corr.   Coulomb (SR)
    4.80619e+02    4.34390e+03    2.83678e+04   -9.71995e+02   -2.28647e+05
   Coul. recip. Position Rest.      Potential Pres. DC (bar) Pressure (bar)
    2.14186e+03    4.44018e+00   -1.93742e+05   -2.43351e+02    1.77078e+04
   Constr. rmsd
    1.22699e-06

           Step           Time
            122      122.00000

   Energies (kJ/mol)
           Bond            U-B    Proper Dih. Per. Imp. Dih.      CMAP Dih.
    7.60145e+01    3.73201e+02    9.22824e+02    1.99383e+01    1.31005e+02
          LJ-14     Coulomb-14        LJ (SR)  Disper. corr.   Coulomb (SR)
    4.80086e+02    4.34153e+03    2.83642e+04   -9.71995e+02   -2.28662e+05
   Coul. recip. Position Rest.      Potential Pres. DC (bar) Pressure (bar)
    2.14216e+03    4.51441e+00   -1.93750e+05   -2.43351e+02    1.77022e+04
   Constr. rmsd
    1.23060e-06

           Step           Time
            123      123.00000

   Energies (kJ/mol)
           Bond            U-B    Proper Dih. Per. Imp. Dih.      CMAP Dih.
    7.12622e+01    3.73249e+02    9.22468e+02    2.01263e+01    1.30944e+02
          LJ-14     Coulomb-14        LJ (SR)  Disper. corr.   Coulomb (SR)
    4.79824e+02    4.34306e+03    2.83609e+04   -9.71995e+02   -2.28670e+05
   Coul. recip. Position Rest.      Potential Pres. DC (bar) Pressure (bar)
    2.13992e+03    4.52694e+00   -1.93768e+05   -2.43351e+02    1.76994e+04
   Constr. rmsd
    1.18777e-06

           Step           Time
            124      124.00000

           Step           Time
            125      125.00000

   Energies (kJ/mol)
           Bond            U-B    Proper Dih. Per. Imp. Dih.      CMAP Dih.
    6.29288e+01    3.72481e+02    9.22637e+02    2.00371e+01    1.30916e+02
          LJ-14     Coulomb-14        LJ (SR)  Disper. corr.   Coulomb (SR)
    4.79612e+02    4.34163e+03    2.83598e+04   -9.71995e+02   -2.28676e+05
   Coul. recip. Position Rest.      Potential Pres. DC (bar) Pressure (bar)
    2.14045e+03    4.55802e+00   -1.93785e+05   -2.43351e+02    1.76987e+04
   Constr. rmsd
    1.23868e-06

           Step           Time
            126      126.00000

   Energies (kJ/mol)
           Bond            U-B    Proper Dih. Per. Imp. Dih.      CMAP Dih.
    7.94781e+01    3.74664e+02    9.22317e+02    2.02022e+01    1.30772e+02
          LJ-14     Coulomb-14        LJ (SR)  Disper. corr.   Coulomb (SR)
    4.78872e+02    4.34183e+03    2.83527e+04   -9.71995e+02   -2.28698e+05
   Coul. recip. Position Rest.      Potential Pres. DC (bar) Pressure (bar)
    2.13768e+03    4.63544e+00   -1.93799e+05   -2.43351e+02    1.76895e+04
   Constr. rmsd
    1.32288e-06

           Step           Time
            127      127.00000

   Energies (kJ/mol)
           Bond            U-B    Proper Dih. Per. Imp. Dih.      CMAP Dih.
    6.49315e+01    3.73390e+02    9.22569e+02    2.00727e+01    1.30746e+02
          LJ-14     Coulomb-14        LJ (SR)  Disper. corr.   Coulomb (SR)
    4.78647e+02    4.33995e+03    2.83519e+04   -9.71995e+02   -2.28704e+05
   Coul. recip. Position Rest.      Potential Pres. DC (bar) Pressure (bar)
    2.13861e+03    4.67113e+00   -1.93822e+05   -2.43351e+02    1.76893e+04
   Constr. rmsd
    1.18397e-06

           Step           Time
            128      128.00000

           Step           Time
            129      129.00000

   Energies (kJ/mol)
           Bond            U-B    Proper Dih. Per. Imp. Dih.      CMAP Dih.
    6.63622e+01    3.73817e+02    9.22361e+02    2.01885e+01    1.30684e+02
          LJ-14     Coulomb-14        LJ (SR)  Disper. corr.   Coulomb (SR)
    4.78349e+02    4.34047e+03    2.83488e+04   -9.71995e+02   -2.28713e+05
   Coul. recip. Position Rest.      Potential Pres. DC (bar) Pressure (bar)
    2.13706e+03    4.69817e+00   -1.93835e+05   -2.43351e+02    1.76861e+04
   Constr. rmsd
    1.23926e-06

           Step           Time
            130      130.00000

   Energies (kJ/mol)
           Bond            U-B    Proper Dih. Per. Imp. Dih.      CMAP Dih.
    6.69902e+01    3.74021e+02    9.22522e+02    2.01146e+01    1.30636e+02
          LJ-14     Coulomb-14        LJ (SR)  Disper. corr.   Coulomb (SR)
    4.78035e+02    4.33885e+03    2.83471e+04   -9.71995e+02   -2.28723e+05
   Coul. recip. Position Rest.      Potential Pres. DC (bar) Pressure (bar)
    2.13743e+03    4.74555e+00   -1.93846e+05   -2.43351e+02    1.76835e+04
   Constr. rmsd
    1.18423e-06

           Step           Time
            131      131.00000

   Energies (kJ/mol)
           Bond            U-B    Proper Dih. Per. Imp. Dih.      CMAP Dih.
    7.18991e+01    3.74860e+02    9.22236e+02    2.02729e+01    1.30566e+02
          LJ-14     Coulomb-14        LJ (SR)  Disper. corr.   Coulomb (SR)
    4.77713e+02    4.33980e+03    2.83436e+04   -9.71995e+02   -2.28733e+05
   Coul. recip. Position Rest.      Potential Pres. DC (bar) Pressure (bar)
    2.13541e+03    4.77255e+00   -1.93856e+05   -2.43351e+02    1.76795e+04
   Constr. rmsd
    1.19663e-06

           Step           Time
            132      132.00000

   Energies (kJ/mol)
           Bond            U-B    Proper Dih. Per. Imp. Dih.      CMAP Dih.
    7.12542e+01    3.74897e+02    9.22487e+02    2.01481e+01    1.30526e+02
          LJ-14     Coulomb-14        LJ (SR)  Disper. corr.   Coulomb (SR)
    4.77425e+02    4.33769e+03    2.83424e+04   -9.71995e+02   -2.28742e+05
   Coul. recip. Position Rest.      Potential Pres. DC (bar) Pressure (bar)
    2.13631e+03    4.82230e+00   -1.93868e+05   -2.43351e+02    1.76775e+04
   Constr. rmsd
    1.23425e-06

           Step           Time
            133      133.00000

   Energies (kJ/mol)
           Bond            U-B    Proper Dih. Per. Imp. Dih.      CMAP Dih.
    8.30004e+01    3.76429e+02    9.22092e+02    2.03719e+01    1.30451e+02
          LJ-14     Coulomb-14        LJ (SR)  Disper. corr.   Coulomb (SR)
    4.77098e+02    4.33926e+03    2.83386e+04   -9.71995e+02   -2.28753e+05
   Coul. recip. Position Rest.      Potential Pres. DC (bar) Pressure (bar)
    2.13370e+03    4.84616e+00   -1.93871e+05   -2.43351e+02    1.76726e+04
   Constr. rmsd
    1.23481e-06

           Step           Time
            134      134.00000

   Energies (kJ/mol)
           Bond            U-B    Proper Dih. Per. Imp. Dih.      CMAP Dih.
    8.03956e+01    3.76256e+02    9.22471e+02    2.01771e+01    1.30418e+02
          LJ-14     Coulomb-14        LJ (SR)  Disper. corr.   Coulomb (SR)
    4.76820e+02    4.33643e+03    2.83379e+04   -9.71995e+02   -2.28761e+05
   Coul. recip. Position Rest.      Potential Pres. DC (bar) Pressure (bar)
    2.13532e+03    4.90211e+00   -1.93884e+05   -2.43351e+02    1.76711e+04
   Constr. rmsd
    1.28396e-06

           Step           Time
            135      135.00000

           Step           Time
            136      136.00000

   Energies (kJ/mol)
           Bond            U-B    Proper Dih. Per. Imp. Dih.      CMAP Dih.
    6.41442e+01    3.75005e+02    9.22193e+02    2.03308e+01    1.30377e+02
          LJ-14     Coulomb-14        LJ (SR)  Disper. corr.   Coulomb (SR)
    4.76650e+02    4.33768e+03    2.83356e+04   -9.71995e+02   -2.28767e+05
   Coul. recip. Position Rest.      Potential Pres. DC (bar) Pressure (bar)
    2.13349e+03    4.90514e+00   -1.93910e+05   -2.43351e+02    1.76707e+04
   Constr. rmsd
    1.21491e-06

           Step           Time
            137      137.00000

   Energies (kJ/mol)
           Bond            U-B    Proper Dih. Per. Imp. Dih.      CMAP Dih.
    8.73642e+01    3.77425e+02    9.22382e+02    2.02628e+01    1.30248e+02
          LJ-14     Coulomb-14        LJ (SR)  Disper. corr.   Coulomb (SR)
    4.75900e+02    4.33471e+03    2.83309e+04   -9.71995e+02   -2.28791e+05
   Coul. recip. Position Rest.      Potential Pres. DC (bar) Pressure (bar)
    2.13337e+03    5.02305e+00   -1.93918e+05   -2.43351e+02    1.76621e+04
   Constr. rmsd
    1.13936e-06

           Step           Time
            138      138.00000

   Energies (kJ/mol)
           Bond            U-B    Proper Dih. Per. Imp. Dih.      CMAP Dih.
    7.10459e+01    3.76420e+02    9.21990e+02    2.04830e+01    1.30198e+02
          LJ-14     Coulomb-14        LJ (SR)  Disper. corr.   Coulomb (SR)
    4.75690e+02    4.33665e+03    2.83281e+04   -9.71995e+02   -2.28799e+05
   Coul. recip. Position Rest.      Potential Pres. DC (bar) Pressure (bar)
    2.13085e+03    5.02344e+00   -1.93946e+05   -2.43351e+02    1.76608e+04
   Constr. rmsd
    1.20378e-06

           Step           Time
            139      139.00000

           Step           Time
            140      140.00000

   Energies (kJ/mol)
           Bond            U-B    Proper Dih. Per. Imp. Dih.      CMAP Dih.
    6.60506e+01    3.75999e+02    9.22171e+02    2.03690e+01    1.30166e+02
          LJ-14     Coulomb-14        LJ (SR)  Disper. corr.   Coulomb (SR)
    4.75476e+02    4.33505e+03    2.83272e+04   -9.71995e+02   -2.28806e+05
   Coul. recip. Position Rest.      Potential Pres. DC (bar) Pressure (bar)
    2.13149e+03    5.06279e+00   -1.93961e+05   -2.43351e+02    1.76599e+04
   Constr. rmsd
    1.25312e-06

           Step           Time
            141      141.00000

   Energies (kJ/mol)
           Bond            U-B    Proper Dih. Per. Imp. Dih.      CMAP Dih.
    7.93081e+01    3.77642e+02    9.21847e+02    2.05435e+01    1.30081e+02
          LJ-14     Coulomb-14        LJ (SR)  Disper. corr.   Coulomb (SR)
    4.75081e+02    4.33601e+03    2.83234e+04   -9.71995e+02   -2.28820e+05
   Coul. recip. Position Rest.      Potential Pres. DC (bar) Pressure (bar)
    2.12910e+03    5.10168e+00   -1.93966e+05   -2.43351e+02    1.76544e+04
   Constr. rmsd
    1.24740e-06

           Step           Time
            142      142.00000

   Energies (kJ/mol)
           Bond            U-B    Proper Dih. Per. Imp. Dih.      CMAP Dih.
    6.99664e+01    3.76874e+02    9.22123e+02    2.03810e+01    1.30054e+02
          LJ-14     Coulomb-14        LJ (SR)  Disper. corr.   Coulomb (SR)
    4.74866e+02    4.33388e+03    2.83229e+04   -9.71995e+02   -2.28827e+05
   Coul. recip. Position Rest.      Potential Pres. DC (bar) Pressure (bar)
    2.13028e+03    5.14635e+00   -1.93984e+05   -2.43351e+02    1.76540e+04
   Constr. rmsd
    1.22590e-06

           Step           Time
            143      143.00000

           Step           Time
            144      144.00000

   Energies (kJ/mol)
           Bond            U-B    Proper Dih. Per. Imp. Dih.      CMAP Dih.
    6.56304e+01    3.76684e+02    9.21903e+02    2.05066e+01    1.30011e+02
          LJ-14     Coulomb-14        LJ (SR)  Disper. corr.   Coulomb (SR)
    4.74676e+02    4.33473e+03    2.83209e+04   -9.71995e+02   -2.28834e+05
   Coul. recip. Position Rest.      Potential Pres. DC (bar) Pressure (bar)
    2.12872e+03    5.15886e+00   -1.93999e+05   -2.43351e+02    1.76524e+04
   Constr. rmsd
    1.19643e-06

           Step           Time
            145      145.00000

   Energies (kJ/mol)
           Bond            U-B    Proper Dih. Per. Imp. Dih.      CMAP Dih.
    7.33906e+01    3.77605e+02    9.22059e+02    2.04216e+01    1.29944e+02
          LJ-14     Coulomb-14        LJ (SR)  Disper. corr.   Coulomb (SR)
    4.74278e+02    4.33280e+03    2.83188e+04   -9.71995e+02   -2.28848e+05
   Coul. recip. Position Rest.      Potential Pres. DC (bar) Pressure (bar)
    2.12898e+03    5.22832e+00   -1.94008e+05   -2.43351e+02    1.76484e+04
   Constr. rmsd
    1.23633e-06

           Step           Time
            146      146.00000

   Energies (kJ/mol)
           Bond            U-B    Proper Dih. Per. Imp. Dih.      CMAP Dih.
    7.11486e+01    3.77717e+02    9.21750e+02    2.06007e+01    1.29892e+02
          LJ-14     Coulomb-14        LJ (SR)  Disper. corr.   Coulomb (SR)
    4.74053e+02    4.33411e+03    2.83163e+04   -9.71995e+02   -2.28856e+05
   Coul. recip. Position Rest.      Potential Pres. DC (bar) Pressure (bar)
    2.12685e+03    5.24031e+00   -1.94022e+05   -2.43351e+02    1.76460e+04
   Constr. rmsd
    1.18804e-06

           Step           Time
            147      147.00000

   Energies (kJ/mol)
           Bond            U-B    Proper Dih. Per. Imp. Dih.      CMAP Dih.
    8.04146e+01    3.78686e+02    9.22020e+02    2.04473e+01    1.29846e+02
          LJ-14     Coulomb-14        LJ (SR)  Disper. corr.   Coulomb (SR)
    4.73756e+02    4.33174e+03    2.83153e+04   -9.71995e+02   -2.28867e+05
   Coul. recip. Position Rest.      Potential Pres. DC (bar) Pressure (bar)
    2.12795e+03    5.30449e+00   -1.94025e+05   -2.43351e+02    1.76431e+04
   Constr. rmsd
    1.22196e-06

           Step           Time
            148      148.00000

   Energies (kJ/mol)
           Bond            U-B    Proper Dih. Per. Imp. Dih.      CMAP Dih.
    8.32707e+01    3.79342e+02    9.21587e+02    2.07078e+01    1.29786e+02
          LJ-14     Coulomb-14        LJ (SR)  Disper. corr.   Coulomb (SR)
    4.73508e+02    4.33375e+03    2.83124e+04   -9.71995e+02   -2.28876e+05
   Coul. recip. Position Rest.      Potential Pres. DC (bar) Pressure (bar)
    2.12507e+03    5.31276e+00   -1.94036e+05   -2.43351e+02    1.76399e+04
   Constr. rmsd
    1.21046e-06

           Step           Time
            149      149.00000

           Step           Time
            150      150.00000

   Energies (kJ/mol)
           Bond            U-B    Proper Dih. Per. Imp. Dih.      CMAP Dih.
    6.39877e+01    3.77624e+02    9.21794e+02    2.05689e+01    1.29769e+02
          LJ-14     Coulomb-14        LJ (SR)  Disper. corr.   Coulomb (SR)
    4.73372e+02    4.33218e+03    2.83122e+04   -9.71995e+02   -2.28881e+05
   Coul. recip. Position Rest.      Potential Pres. DC (bar) Pressure (bar)
    2.12599e+03    5.34265e+00   -1.94062e+05   -2.43351e+02    1.76410e+04
   Constr. rmsd
    1.19581e-06


Steepest Descents converged to Fmax < 1000 in 151 steps
Potential Energy  = -1.9406212e+05
Maximum force     =  8.0732697e+02 on atom 499
Norm of force     =  2.8606482e+01

    D O M A I N   D E C O M P O S I T I O N   S T A T I S T I C S

 av. #atoms communicated per step for force:  2 x 27739.4

Finished mdrun on rank 0 Thu Sep 26 15:43:47 2024

